10.1.2023, 15:40:58 - INFO - Server is running on port: 3030 
10.1.2023, 15:41:27 - DEBUG - Getting Movies 
10.1.2023, 15:41:27 - DEBUG - Getting Watchlist 
10.1.2023, 15:41:28 - ERROR - cannot find watchlist | ReferenceError: logger is not defined 
10.1.2023, 15:41:28 - ERROR - Failed to get watchlist | ReferenceError: logger is not defined 
10.1.2023, 15:41:28 - ERROR - Failed to get movies | ReferenceError: logger is not defined 
10.1.2023, 15:41:28 - ERROR - cannot find movies | ReferenceError: logger is not defined 
10.1.2023, 16:03:10 - INFO - Server is running on port: 3030 
10.1.2023, 16:03:30 - DEBUG - Getting Movies 
10.1.2023, 16:03:31 - DEBUG - Getting Watchlist 
10.1.2023, 16:03:31 - ERROR - cannot find movies | ReferenceError: logger is not defined 
10.1.2023, 16:03:31 - ERROR - Failed to get movies | ReferenceError: logger is not defined 
10.1.2023, 16:03:31 - ERROR - Failed to get watchlist | ReferenceError: logger is not defined 
10.1.2023, 16:03:31 - ERROR - cannot find watchlist | ReferenceError: logger is not defined 
10.1.2023, 16:04:34 - INFO - Server is running on port: 3030 
10.1.2023, 16:04:39 - DEBUG - Getting Movies 
10.1.2023, 16:04:39 - DEBUG - Getting Watchlist 
10.1.2023, 16:04:40 - ERROR - cannot find movies | ReferenceError: logger is not defined 
10.1.2023, 16:04:40 - ERROR - Failed to get movies | ReferenceError: logger is not defined 
10.1.2023, 16:04:40 - ERROR - cannot find watchlist | ReferenceError: logger is not defined 
10.1.2023, 16:04:40 - ERROR - Failed to get watchlist | ReferenceError: logger is not defined 
10.1.2023, 16:05:22 - INFO - Server is running on port: 3030 
10.1.2023, 16:05:25 - DEBUG - Getting Movies 
10.1.2023, 16:05:26 - DEBUG - Getting Watchlist 
10.1.2023, 16:05:26 - ERROR - cannot find movies | ReferenceError: logger is not defined 
10.1.2023, 16:05:26 - ERROR - Failed to get movies | ReferenceError: logger is not defined 
10.1.2023, 16:05:26 - ERROR - cannot find watchlist | ReferenceError: logger is not defined 
10.1.2023, 16:05:26 - ERROR - Failed to get watchlist | ReferenceError: logger is not defined 
10.1.2023, 16:06:04 - DEBUG - Getting Movies 
10.1.2023, 16:06:04 - ERROR - cannot find movies | ReferenceError: logger is not defined 
10.1.2023, 16:06:04 - ERROR - Failed to get movies | ReferenceError: logger is not defined 
10.1.2023, 16:06:04 - DEBUG - Getting Watchlist 
10.1.2023, 16:06:04 - ERROR - cannot find watchlist | ReferenceError: logger is not defined 
10.1.2023, 16:06:04 - ERROR - Failed to get watchlist | ReferenceError: logger is not defined 
10.1.2023, 16:10:47 - INFO - Server is running on port: 3030 
10.1.2023, 16:10:51 - DEBUG - Getting Movies 
10.1.2023, 16:10:52 - DEBUG - Getting Watchlist 
10.1.2023, 16:10:52 - ERROR - cannot find watchlist | ReferenceError: logger is not defined 
10.1.2023, 16:10:52 - ERROR - Failed to get watchlist | ReferenceError: logger is not defined 
10.1.2023, 16:10:52 - ERROR - cannot find movies | ReferenceError: logger is not defined 
10.1.2023, 16:10:52 - ERROR - Failed to get movies | ReferenceError: logger is not defined 
10.1.2023, 16:11:03 - DEBUG - Getting Movies 
10.1.2023, 16:11:03 - ERROR - cannot find movies | ReferenceError: logger is not defined 
10.1.2023, 16:11:03 - ERROR - Failed to get movies | ReferenceError: logger is not defined 
10.1.2023, 16:11:03 - DEBUG - Getting Watchlist 
10.1.2023, 16:11:03 - ERROR - cannot find watchlist | ReferenceError: logger is not defined 
10.1.2023, 16:11:03 - ERROR - Failed to get watchlist | ReferenceError: logger is not defined 
10.1.2023, 16:24:30 - INFO - Server is running on port: 3030 
10.1.2023, 16:24:42 - DEBUG - Getting Movies 
10.1.2023, 16:24:43 - DEBUG - Getting Watchlist 
10.1.2023, 16:24:43 - ERROR - cannot find movies | ReferenceError: logger is not defined 
10.1.2023, 16:24:43 - ERROR - Failed to get movies | ReferenceError: logger is not defined 
10.1.2023, 16:24:43 - ERROR - cannot find watchlist | ReferenceError: logger is not defined 
10.1.2023, 16:24:43 - ERROR - Failed to get watchlist | ReferenceError: logger is not defined 
10.1.2023, 16:25:57 - INFO - Server is running on port: 3030 
10.1.2023, 16:26:00 - DEBUG - Getting Movies 
10.1.2023, 16:26:00 - DEBUG - Getting Watchlist 
10.1.2023, 16:26:01 - ERROR - cannot find movies | ReferenceError: logger is not defined 
10.1.2023, 16:26:01 - ERROR - Failed to get movies | ReferenceError: logger is not defined 
10.1.2023, 16:26:01 - ERROR - cannot find watchlist | ReferenceError: logger is not defined 
10.1.2023, 16:26:01 - ERROR - Failed to get watchlist | ReferenceError: logger is not defined 
10.1.2023, 16:26:46 - INFO - Server is running on port: 3030 
10.1.2023, 16:26:49 - DEBUG - Getting Movies 
10.1.2023, 16:26:50 - DEBUG - Getting Watchlist 
10.1.2023, 16:26:50 - ERROR - cannot find watchlist | ReferenceError: logger is not defined 
10.1.2023, 16:26:50 - ERROR - Failed to get watchlist | ReferenceError: logger is not defined 
10.1.2023, 16:26:50 - ERROR - Failed to get movies | ReferenceError: logger is not defined 
10.1.2023, 16:26:50 - ERROR - cannot find movies | ReferenceError: logger is not defined 
10.1.2023, 16:27:00 - INFO - Server is running on port: 3030 
10.1.2023, 16:33:37 - DEBUG - Getting Movies 
10.1.2023, 16:33:38 - DEBUG - Getting Watchlist 
10.1.2023, 16:33:38 - ERROR - cannot find movies | ReferenceError: logger is not defined 
10.1.2023, 16:33:38 - ERROR - Failed to get movies | ReferenceError: logger is not defined 
10.1.2023, 16:33:38 - ERROR - Failed to get watchlist | ReferenceError: logger is not defined 
10.1.2023, 16:33:38 - ERROR - cannot find watchlist | ReferenceError: logger is not defined 
10.1.2023, 16:36:06 - INFO - Server is running on port: 3030 
10.1.2023, 16:36:12 - DEBUG - Getting Movies 
10.1.2023, 16:36:12 - DEBUG - Getting Watchlist 
10.1.2023, 16:36:13 - ERROR - cannot find watchlist | ReferenceError: logger is not defined 
10.1.2023, 16:36:13 - ERROR - Failed to get watchlist | ReferenceError: logger is not defined 
10.1.2023, 16:36:13 - ERROR - cannot find movies | ReferenceError: logger is not defined 
10.1.2023, 16:36:13 - ERROR - Failed to get movies | ReferenceError: logger is not defined 
10.1.2023, 16:36:19 - INFO - Server is running on port: 3030 
10.1.2023, 16:36:25 - DEBUG - Getting Movies 
10.1.2023, 16:36:25 - DEBUG - Getting Watchlist 
10.1.2023, 16:36:26 - ERROR - cannot find movies | ReferenceError: logger is not defined 
10.1.2023, 16:36:26 - ERROR - Failed to get movies | ReferenceError: logger is not defined 
10.1.2023, 16:36:26 - ERROR - Failed to get watchlist | ReferenceError: logger is not defined 
10.1.2023, 16:36:26 - ERROR - cannot find watchlist | ReferenceError: logger is not defined 
10.1.2023, 16:38:01 - INFO - Server is running on port: 3030 
10.1.2023, 16:38:06 - DEBUG - Getting Movies 
10.1.2023, 16:38:07 - DEBUG - Getting Watchlist 
10.1.2023, 16:38:07 - ERROR - Failed to get movies | ReferenceError: logger is not defined 
10.1.2023, 16:38:07 - ERROR - cannot find movies | ReferenceError: logger is not defined 
10.1.2023, 16:38:07 - ERROR - Failed to get watchlist | ReferenceError: logger is not defined 
10.1.2023, 16:38:07 - ERROR - cannot find watchlist | ReferenceError: logger is not defined 
10.1.2023, 16:38:30 - INFO - Server is running on port: 3030 
10.1.2023, 16:38:35 - DEBUG - Getting Movies 
10.1.2023, 16:38:36 - DEBUG - Getting Watchlist 
10.1.2023, 16:38:36 - ERROR - cannot find watchlist | ReferenceError: logger is not defined 
10.1.2023, 16:38:36 - ERROR - Failed to get watchlist | ReferenceError: logger is not defined 
10.1.2023, 16:38:36 - ERROR - Failed to get movies | ReferenceError: logger is not defined 
10.1.2023, 16:38:36 - ERROR - cannot find movies | ReferenceError: logger is not defined 
10.1.2023, 16:44:00 - INFO - Server is running on port: 3030 
10.1.2023, 16:44:10 - ERROR - cannot find movies | ReferenceError: logger is not defined 
10.1.2023, 16:44:10 - DEBUG - Getting Movies 
10.1.2023, 16:44:10 - ERROR - Failed to get movies | ReferenceError: logger is not defined 
10.1.2023, 16:44:10 - ERROR - cannot find watchlist | ReferenceError: logger is not defined 
10.1.2023, 16:44:10 - DEBUG - Getting Watchlist 
10.1.2023, 16:44:10 - ERROR - Failed to get watchlist | ReferenceError: logger is not defined 
10.1.2023, 16:44:35 - INFO - Server is running on port: 3030 
10.1.2023, 16:45:20 - INFO - Server is running on port: 3030 
10.1.2023, 16:45:38 - INFO - Server is running on port: 3030 
10.1.2023, 16:45:42 - DEBUG - Getting Movies 
10.1.2023, 16:45:42 - ERROR - cannot find movies | ReferenceError: logger is not defined 
10.1.2023, 16:45:42 - ERROR - Failed to get movies | ReferenceError: logger is not defined 
10.1.2023, 16:45:42 - DEBUG - Getting Watchlist 
10.1.2023, 16:45:42 - ERROR - cannot find watchlist | ReferenceError: logger is not defined 
10.1.2023, 16:45:42 - ERROR - Failed to get watchlist | ReferenceError: logger is not defined 
10.1.2023, 16:46:47 - INFO - Server is running on port: 3030 
10.1.2023, 16:47:17 - INFO - Server is running on port: 3030 
10.1.2023, 16:47:20 - DEBUG - Getting Movies 
10.1.2023, 16:47:20 - DEBUG - Getting Watchlist 
10.1.2023, 16:47:21 - ERROR - cannot find watchlist | ReferenceError: logger is not defined 
10.1.2023, 16:47:21 - ERROR - Failed to get watchlist | ReferenceError: logger is not defined 
10.1.2023, 16:47:21 - ERROR - cannot find movies | ReferenceError: logger is not defined 
10.1.2023, 16:47:21 - ERROR - Failed to get movies | ReferenceError: logger is not defined 
10.1.2023, 16:47:45 - INFO - Server is running on port: 3030 
10.1.2023, 16:47:50 - INFO - Server is running on port: 3030 
10.1.2023, 16:47:58 - DEBUG - Getting Movies 
10.1.2023, 16:47:59 - DEBUG - Getting Watchlist 
10.1.2023, 16:47:59 - ERROR - Failed to get watchlist | ReferenceError: logger is not defined 
10.1.2023, 16:47:59 - ERROR - cannot find watchlist | ReferenceError: logger is not defined 
10.1.2023, 16:47:59 - ERROR - cannot find movies | ReferenceError: logger is not defined 
10.1.2023, 16:47:59 - ERROR - Failed to get movies | ReferenceError: logger is not defined 
10.1.2023, 16:49:17 - INFO - Server is running on port: 3030 
10.1.2023, 16:49:22 - DEBUG - Getting Movies 
10.1.2023, 16:49:22 - DEBUG - Getting Watchlist 
10.1.2023, 16:49:23 - ERROR - cannot find movies | ReferenceError: logger is not defined 
10.1.2023, 16:49:23 - ERROR - Failed to get movies | ReferenceError: logger is not defined 
10.1.2023, 16:49:23 - ERROR - Failed to get watchlist | ReferenceError: logger is not defined 
10.1.2023, 16:49:23 - ERROR - cannot find watchlist | ReferenceError: logger is not defined 
10.1.2023, 16:49:43 - INFO - Server is running on port: 3030 
10.1.2023, 16:50:00 - INFO - Server is running on port: 3030 
10.1.2023, 16:50:07 - INFO - Server is running on port: 3030 
10.1.2023, 16:50:13 - INFO - Server is running on port: 3030 
10.1.2023, 16:51:08 - INFO - Server is running on port: 3030 
10.1.2023, 16:53:23 - INFO - Server is running on port: 3030 
10.1.2023, 16:54:37 - INFO - Server is running on port: 3030 
10.1.2023, 16:55:59 - INFO - Server is running on port: 3030 
10.1.2023, 16:56:19 - INFO - Server is running on port: 3030 
10.1.2023, 16:56:24 - DEBUG - Getting Movies 
10.1.2023, 16:56:24 - DEBUG - Getting Watchlist 
10.1.2023, 16:56:24 - ERROR - cannot find watchlist | TypeError: dbService.getCollection is not a function 
10.1.2023, 16:56:24 - ERROR - Failed to get watchlist | TypeError: dbService.getCollection is not a function 
10.1.2023, 16:56:25 - ERROR - cannot find movies | TypeError: #<Object> is not a function 
10.1.2023, 16:56:25 - ERROR - Failed to get movies | TypeError: #<Object> is not a function 
10.1.2023, 16:57:05 - INFO - Server is running on port: 3030 
10.1.2023, 16:57:08 - DEBUG - Getting Movies 
10.1.2023, 16:57:08 - DEBUG - Getting Watchlist 
10.1.2023, 16:57:08 - ERROR - cannot find watchlist | TypeError: dbService.getCollection is not a function 
10.1.2023, 16:57:08 - ERROR - Failed to get watchlist | TypeError: dbService.getCollection is not a function 
10.1.2023, 16:57:09 - ERROR - cannot find movies | TypeError: #<Object> is not a function 
10.1.2023, 16:57:09 - ERROR - Failed to get movies | TypeError: #<Object> is not a function 
10.1.2023, 16:57:33 - INFO - Server is running on port: 3030 
10.1.2023, 16:57:41 - INFO - Server is running on port: 3030 
10.1.2023, 16:57:47 - DEBUG - Getting Movies 
10.1.2023, 16:57:47 - DEBUG - Getting Watchlist 
10.1.2023, 16:57:47 - ERROR - cannot find watchlist | TypeError: dbService.getCollection is not a function 
10.1.2023, 16:57:47 - ERROR - Failed to get watchlist | TypeError: dbService.getCollection is not a function 
10.1.2023, 16:57:48 - ERROR - cannot find movies | TypeError: #<Object> is not a function 
10.1.2023, 16:57:48 - ERROR - Failed to get movies | TypeError: #<Object> is not a function 
10.1.2023, 16:59:01 - INFO - Server is running on port: 3030 
10.1.2023, 16:59:10 - DEBUG - Getting Movies 
10.1.2023, 16:59:11 - DEBUG - Getting Watchlist 
10.1.2023, 16:59:11 - ERROR - cannot find watchlist | TypeError: dbService.getCollection is not a function 
10.1.2023, 16:59:11 - ERROR - Failed to get watchlist | TypeError: dbService.getCollection is not a function 
10.1.2023, 16:59:12 - ERROR - cannot find movies | TypeError: snapshot.find is not a function 
10.1.2023, 16:59:12 - ERROR - Failed to get movies | TypeError: snapshot.find is not a function 
10.1.2023, 17:00:49 - INFO - Server is running on port: 3030 
10.1.2023, 17:01:08 - INFO - Server is running on port: 3030 
10.1.2023, 17:01:12 - DEBUG - Getting Movies 
10.1.2023, 17:01:12 - DEBUG - Getting Watchlist 
10.1.2023, 17:01:12 - ERROR - cannot find watchlist | TypeError: dbService.getCollection is not a function 
10.1.2023, 17:01:12 - ERROR - Failed to get watchlist | TypeError: dbService.getCollection is not a function 
10.1.2023, 17:01:14 - ERROR - cannot find movies | TypeError: #<Object> is not a function 
10.1.2023, 17:01:14 - ERROR - Failed to get movies | TypeError: #<Object> is not a function 
10.1.2023, 17:02:41 - INFO - Server is running on port: 3030 
10.1.2023, 17:07:02 - INFO - Server is running on port: 3030 
10.1.2023, 17:07:44 - INFO - Server is running on port: 3030 
10.1.2023, 17:07:52 - DEBUG - Getting Movies 
10.1.2023, 17:07:52 - DEBUG - Getting Watchlist 
10.1.2023, 17:07:52 - ERROR - cannot find watchlist | TypeError: dbService.getCollection is not a function 
10.1.2023, 17:07:52 - ERROR - Failed to get watchlist | TypeError: dbService.getCollection is not a function 
10.1.2023, 17:07:53 - ERROR - cannot find movies | TypeError: #<Object> is not a function 
10.1.2023, 17:07:53 - ERROR - Failed to get movies | TypeError: #<Object> is not a function 
10.1.2023, 17:08:32 - INFO - Server is running on port: 3030 
10.1.2023, 17:08:36 - DEBUG - Getting Movies 
10.1.2023, 17:08:36 - DEBUG - Getting Watchlist 
10.1.2023, 17:08:36 - ERROR - cannot find watchlist | TypeError: dbService.getCollection is not a function 
10.1.2023, 17:08:36 - ERROR - Failed to get watchlist | TypeError: dbService.getCollection is not a function 
10.1.2023, 17:08:37 - ERROR - cannot find movies | TypeError: #<Object> is not a function 
10.1.2023, 17:08:37 - ERROR - Failed to get movies | TypeError: #<Object> is not a function 
10.1.2023, 17:10:41 - INFO - Server is running on port: 3030 
10.1.2023, 17:10:51 - DEBUG - Getting Movies 
10.1.2023, 17:10:51 - DEBUG - Getting Watchlist 
10.1.2023, 17:10:51 - ERROR - cannot find watchlist | TypeError: dbService.getCollection is not a function 
10.1.2023, 17:10:51 - ERROR - Failed to get watchlist | TypeError: dbService.getCollection is not a function 
10.1.2023, 17:10:52 - ERROR - cannot find movies | TypeError: snapshot.find is not a function 
10.1.2023, 17:10:52 - ERROR - Failed to get movies | TypeError: snapshot.find is not a function 
10.1.2023, 17:12:16 - INFO - Server is running on port: 3030 
10.1.2023, 17:12:20 - DEBUG - Getting Movies 
10.1.2023, 17:12:20 - DEBUG - Getting Watchlist 
10.1.2023, 17:12:20 - ERROR - cannot find watchlist | TypeError: dbService.getCollection is not a function 
10.1.2023, 17:12:20 - ERROR - Failed to get watchlist | TypeError: dbService.getCollection is not a function 
10.1.2023, 17:12:22 - ERROR - cannot find movies | TypeError: snapshot.find is not a function 
10.1.2023, 17:12:22 - ERROR - Failed to get movies | TypeError: snapshot.find is not a function 
10.1.2023, 17:20:05 - INFO - Server is running on port: 3030 
10.1.2023, 17:20:14 - DEBUG - Getting Movies 
10.1.2023, 17:20:14 - ERROR - cannot find movies | Error: Value for argument "fieldPath" is not a valid field path. Paths can only be specified as strings or via a FieldPath object. 
10.1.2023, 17:20:14 - ERROR - Failed to get movies | Error: Value for argument "fieldPath" is not a valid field path. Paths can only be specified as strings or via a FieldPath object. 
10.1.2023, 17:20:14 - DEBUG - Getting Watchlist 
10.1.2023, 17:20:14 - ERROR - Failed to get watchlist | TypeError: dbService.getCollection is not a function 
10.1.2023, 17:20:14 - ERROR - cannot find watchlist | TypeError: dbService.getCollection is not a function 
10.1.2023, 17:21:06 - INFO - Server is running on port: 3030 
10.1.2023, 17:21:11 - DEBUG - Getting Movies 
10.1.2023, 17:21:11 - DEBUG - Getting Watchlist 
10.1.2023, 17:21:11 - ERROR - cannot find watchlist | TypeError: dbService.getCollection is not a function 
10.1.2023, 17:21:11 - ERROR - Failed to get watchlist | TypeError: dbService.getCollection is not a function 
10.1.2023, 17:21:13 - DEBUG - Getting Watchlist 
10.1.2023, 17:21:13 - ERROR - cannot find watchlist | TypeError: dbService.getCollection is not a function 
10.1.2023, 17:21:13 - ERROR - Failed to get watchlist | TypeError: dbService.getCollection is not a function 
10.1.2023, 17:23:57 - INFO - Server is running on port: 3030 
10.1.2023, 17:24:04 - DEBUG - Getting Movies 
10.1.2023, 17:24:04 - DEBUG - Getting Watchlist 
10.1.2023, 17:24:04 - ERROR - cannot find watchlist | TypeError: dbService.getCollection is not a function 
10.1.2023, 17:24:04 - ERROR - Failed to get watchlist | TypeError: dbService.getCollection is not a function 
10.1.2023, 17:24:05 - DEBUG - Getting Watchlist 
10.1.2023, 17:24:05 - ERROR - cannot find watchlist | TypeError: dbService.getCollection is not a function 
10.1.2023, 17:24:05 - ERROR - Failed to get watchlist | TypeError: dbService.getCollection is not a function 
10.1.2023, 17:24:14 - DEBUG - Getting Movies 
10.1.2023, 17:24:18 - DEBUG - Getting Watchlist 
10.1.2023, 17:24:18 - ERROR - cannot find watchlist | TypeError: dbService.getCollection is not a function 
10.1.2023, 17:24:18 - ERROR - Failed to get watchlist | TypeError: dbService.getCollection is not a function 
10.1.2023, 17:24:18 - DEBUG - Getting Movies 
10.1.2023, 17:24:18 - DEBUG - Getting Watchlist 
10.1.2023, 17:24:18 - ERROR - Failed to get watchlist | TypeError: dbService.getCollection is not a function 
10.1.2023, 17:24:18 - ERROR - cannot find watchlist | TypeError: dbService.getCollection is not a function 
10.1.2023, 17:31:25 - INFO - Server is running on port: 3030 
10.1.2023, 17:31:34 - DEBUG - Getting Movies 
10.1.2023, 17:31:34 - DEBUG - Getting Watchlist 
10.1.2023, 17:31:34 - ERROR - cannot find watchlist | TypeError: dbService.getCollection is not a function 
10.1.2023, 17:31:34 - ERROR - Failed to get watchlist | TypeError: dbService.getCollection is not a function 
10.1.2023, 17:31:39 - DEBUG - Getting Watchlist 
10.1.2023, 17:31:39 - ERROR - Failed to get watchlist | TypeError: dbService.getCollection is not a function 
10.1.2023, 17:31:39 - ERROR - cannot find watchlist | TypeError: dbService.getCollection is not a function 
10.1.2023, 17:31:40 - INFO - Server is running on port: 3030 
10.1.2023, 17:32:25 - DEBUG - Getting Movies 
10.1.2023, 17:32:26 - DEBUG - Getting Watchlist 
10.1.2023, 17:32:26 - ERROR - cannot find watchlist | TypeError: dbService.getCollection is not a function 
10.1.2023, 17:32:26 - ERROR - Failed to get watchlist | TypeError: dbService.getCollection is not a function 
10.1.2023, 17:32:36 - DEBUG - Getting Movies 
10.1.2023, 17:32:36 - DEBUG - Getting Watchlist 
10.1.2023, 17:32:36 - ERROR - cannot find watchlist | TypeError: dbService.getCollection is not a function 
10.1.2023, 17:32:36 - ERROR - Failed to get watchlist | TypeError: dbService.getCollection is not a function 
10.1.2023, 17:32:46 - INFO - Server is running on port: 3030 
10.1.2023, 17:32:51 - DEBUG - Getting Movies 
10.1.2023, 17:32:51 - DEBUG - Getting Watchlist 
10.1.2023, 17:32:51 - ERROR - cannot find watchlist | TypeError: dbService.getCollection is not a function 
10.1.2023, 17:32:51 - ERROR - Failed to get watchlist | TypeError: dbService.getCollection is not a function 
10.1.2023, 17:33:25 - DEBUG - Getting Movies 
10.1.2023, 17:33:25 - DEBUG - Getting Watchlist 
10.1.2023, 17:33:25 - ERROR - cannot find watchlist | TypeError: dbService.getCollection is not a function 
10.1.2023, 17:33:25 - ERROR - Failed to get watchlist | TypeError: dbService.getCollection is not a function 
10.1.2023, 17:33:48 - DEBUG - Getting Movies 
10.1.2023, 17:33:48 - ERROR - cannot find watchlist | TypeError: dbService.getCollection is not a function 
10.1.2023, 17:33:48 - ERROR - Failed to get watchlist | TypeError: dbService.getCollection is not a function 
10.1.2023, 17:33:48 - DEBUG - Getting Watchlist 
10.1.2023, 17:34:09 - DEBUG - Getting Watchlist 
10.1.2023, 17:34:09 - ERROR - Failed to get watchlist | TypeError: dbService.getCollection is not a function 
10.1.2023, 17:34:09 - ERROR - cannot find watchlist | TypeError: dbService.getCollection is not a function 
10.1.2023, 17:34:58 - DEBUG - Getting Movies 
10.1.2023, 17:34:58 - DEBUG - Getting Watchlist 
10.1.2023, 17:34:58 - ERROR - cannot find watchlist | TypeError: dbService.getCollection is not a function 
10.1.2023, 17:34:58 - ERROR - Failed to get watchlist | TypeError: dbService.getCollection is not a function 
10.1.2023, 17:34:58 - DEBUG - Getting Watchlist 
10.1.2023, 17:34:58 - ERROR - cannot find watchlist | TypeError: dbService.getCollection is not a function 
10.1.2023, 17:34:58 - ERROR - Failed to get watchlist | TypeError: dbService.getCollection is not a function 
10.1.2023, 17:36:48 - DEBUG - Getting Movies 
10.1.2023, 17:36:48 - DEBUG - Getting Watchlist 
10.1.2023, 17:36:48 - ERROR - Failed to get watchlist | TypeError: dbService.getCollection is not a function 
10.1.2023, 17:36:48 - ERROR - cannot find watchlist | TypeError: dbService.getCollection is not a function 
10.1.2023, 17:36:48 - DEBUG - Getting Watchlist 
10.1.2023, 17:36:48 - ERROR - cannot find watchlist | TypeError: dbService.getCollection is not a function 
10.1.2023, 17:36:48 - ERROR - Failed to get watchlist | TypeError: dbService.getCollection is not a function 
10.1.2023, 17:37:01 - INFO - Server is running on port: 3030 
10.1.2023, 17:46:03 - INFO - Server is running on port: 3030 
10.1.2023, 17:46:06 - INFO - Server is running on port: 3030 
10.1.2023, 17:46:10 - DEBUG - Getting Movies 
10.1.2023, 17:46:10 - DEBUG - Getting Watchlist 
10.1.2023, 17:46:10 - ERROR - Failed to get watchlist | ReferenceError: db is not defined 
10.1.2023, 17:46:10 - ERROR - cannot find watchlist | ReferenceError: db is not defined 
10.1.2023, 17:46:11 - DEBUG - Getting Watchlist 
10.1.2023, 17:46:11 - ERROR - Failed to get watchlist | ReferenceError: db is not defined 
10.1.2023, 17:46:11 - ERROR - cannot find watchlist | ReferenceError: db is not defined 
10.1.2023, 17:47:47 - INFO - Server is running on port: 3030 
10.1.2023, 17:47:53 - DEBUG - Getting Movies 
10.1.2023, 17:47:53 - DEBUG - Getting Watchlist 
10.1.2023, 17:47:53 - ERROR - cannot find watchlist | ReferenceError: db is not defined 
10.1.2023, 17:47:53 - ERROR - Failed to get watchlist | ReferenceError: db is not defined 
10.1.2023, 17:47:54 - DEBUG - Getting Watchlist 
10.1.2023, 17:47:54 - ERROR - cannot find watchlist | ReferenceError: db is not defined 
10.1.2023, 17:47:54 - ERROR - Failed to get watchlist | ReferenceError: db is not defined 
10.1.2023, 17:48:43 - INFO - Server is running on port: 3030 
10.1.2023, 17:48:46 - DEBUG - Getting Movies 
10.1.2023, 17:48:46 - DEBUG - Getting Watchlist 
10.1.2023, 17:48:47 - DEBUG - Getting Watchlist 
10.1.2023, 17:48:47 - DEBUG - Getting Watchlist 
10.1.2023, 17:48:53 - INFO - Server is running on port: 3030 
10.1.2023, 17:49:05 - ERROR - while finding movie 44xr21CVT6G6IHCaPDPE | ReferenceError: dbService is not defined 
10.1.2023, 17:49:05 - ERROR - Failed to get movie | ReferenceError: dbService is not defined 
10.1.2023, 17:49:05 - DEBUG - Getting Movies 
10.1.2023, 17:49:06 - DEBUG - Getting Watchlist 
10.1.2023, 17:49:08 - DEBUG - Getting Watchlist 
10.1.2023, 17:49:08 - DEBUG - Getting Movies 
10.1.2023, 17:49:08 - DEBUG - Getting Watchlist 
10.1.2023, 17:49:30 - DEBUG - Getting Movies 
10.1.2023, 17:49:30 - DEBUG - Getting Watchlist 
10.1.2023, 17:49:30 - DEBUG - Getting Watchlist 
10.1.2023, 17:49:32 - ERROR - Failed to add movie to watchlist | ReferenceError: toyService is not defined 
10.1.2023, 17:49:32 - DEBUG - Getting Watchlist 
10.1.2023, 17:49:43 - ERROR - while finding movie fra0ABkO0THvLWPLtCnV | ReferenceError: dbService is not defined 
10.1.2023, 17:49:43 - ERROR - Failed to get movie | ReferenceError: dbService is not defined 
10.1.2023, 17:49:43 - DEBUG - Getting Movies 
10.1.2023, 17:49:43 - DEBUG - Getting Watchlist 
10.1.2023, 17:49:52 - DEBUG - Getting Movies 
10.1.2023, 17:49:59 - DEBUG - Getting Movies 
10.1.2023, 17:49:59 - DEBUG - Getting Watchlist 
10.1.2023, 17:49:59 - DEBUG - Getting Watchlist 
10.1.2023, 17:49:59 - DEBUG - Getting Watchlist 
10.1.2023, 17:50:02 - DEBUG - Getting Movies 
10.1.2023, 17:50:05 - DEBUG - Getting Watchlist 
10.1.2023, 17:50:05 - DEBUG - Getting Movies 
10.1.2023, 17:50:05 - DEBUG - Getting Watchlist 
10.1.2023, 17:50:10 - DEBUG - Getting Movies 
10.1.2023, 17:50:12 - DEBUG - Getting Movies 
10.1.2023, 17:50:14 - DEBUG - Getting Movies 
10.1.2023, 17:50:14 - DEBUG - Getting Movies 
10.1.2023, 17:50:15 - DEBUG - Getting Movies 
10.1.2023, 17:50:16 - DEBUG - Getting Movies 
10.1.2023, 17:50:16 - DEBUG - Getting Movies 
10.1.2023, 17:50:20 - DEBUG - Getting Movies 
10.1.2023, 17:50:20 - DEBUG - Getting Movies 
10.1.2023, 17:50:20 - DEBUG - Getting Movies 
10.1.2023, 17:50:20 - DEBUG - Getting Movies 
10.1.2023, 17:50:20 - DEBUG - Getting Movies 
10.1.2023, 17:50:20 - DEBUG - Getting Movies 
10.1.2023, 17:50:27 - DEBUG - Getting Watchlist 
10.1.2023, 17:50:27 - DEBUG - Getting Movies 
10.1.2023, 17:50:27 - DEBUG - Getting Watchlist 
10.1.2023, 17:53:26 - DEBUG - Getting Movies 
10.1.2023, 17:53:26 - DEBUG - Getting Watchlist 
10.1.2023, 17:53:26 - DEBUG - Getting Watchlist 
10.1.2023, 17:53:26 - DEBUG - Getting Watchlist 
10.1.2023, 17:55:35 - INFO - Server is running on port: 3030 
10.1.2023, 17:57:43 - INFO - Server is running on port: 3030 
10.1.2023, 17:57:49 - INFO - Server is running on port: 3030 
10.1.2023, 17:57:53 - DEBUG - Getting Movies 
10.1.2023, 17:57:53 - DEBUG - Getting Watchlist 
10.1.2023, 17:57:54 - DEBUG - Getting Watchlist 
10.1.2023, 17:57:56 - DEBUG - Getting Movies 
10.1.2023, 17:57:56 - DEBUG - Getting Watchlist 
10.1.2023, 17:59:24 - DEBUG - Getting Movies 
10.1.2023, 17:59:24 - DEBUG - Getting Watchlist 
10.1.2023, 17:59:45 - DEBUG - Getting Movies 
10.1.2023, 17:59:45 - DEBUG - Getting Watchlist 
11.1.2023, 15:41:20 - DEBUG - Getting Movies 
11.1.2023, 15:41:20 - DEBUG - Getting Watchlist 
11.1.2023, 15:41:22 - DEBUG - Getting Watchlist 
11.1.2023, 15:42:01 - DEBUG - Getting Movies 
11.1.2023, 15:42:10 - DEBUG - Getting Movies 
11.1.2023, 15:42:56 - INFO - Server is running on port: 3030 
11.1.2023, 15:43:07 - DEBUG - Getting Movies 
11.1.2023, 15:43:07 - DEBUG - Getting Movies 
11.1.2023, 15:43:08 - DEBUG - Getting Movies 
11.1.2023, 15:43:09 - DEBUG - Getting Movies 
11.1.2023, 15:43:12 - DEBUG - Getting Movies 
11.1.2023, 15:43:12 - DEBUG - Getting Movies 
11.1.2023, 15:43:18 - DEBUG - Getting Movies 
11.1.2023, 15:43:18 - DEBUG - Getting Movies 
11.1.2023, 15:43:18 - DEBUG - Getting Movies 
11.1.2023, 15:43:19 - DEBUG - Getting Movies 
11.1.2023, 15:43:19 - DEBUG - Getting Movies 
11.1.2023, 15:43:20 - DEBUG - Getting Movies 
11.1.2023, 15:43:21 - DEBUG - Getting Movies 
11.1.2023, 15:43:21 - DEBUG - Getting Movies 
11.1.2023, 15:43:21 - DEBUG - Getting Movies 
11.1.2023, 15:43:22 - DEBUG - Getting Movies 
11.1.2023, 15:43:23 - DEBUG - Getting Movies 
11.1.2023, 15:43:23 - DEBUG - Getting Movies 
11.1.2023, 15:43:23 - DEBUG - Getting Movies 
11.1.2023, 15:43:23 - DEBUG - Getting Movies 
11.1.2023, 15:48:05 - INFO - Server is running on port: 3030 
11.1.2023, 15:48:38 - DEBUG - Getting Movies 
11.1.2023, 15:48:38 - ERROR - cannot find movies | Error: Value for argument "opStr" is invalid. Acceptable values are: <, <=, ==, !=, >, >=, array-contains, in, not-in, array-contains-any 
11.1.2023, 15:48:38 - ERROR - Failed to get movies | Error: Value for argument "opStr" is invalid. Acceptable values are: <, <=, ==, !=, >, >=, array-contains, in, not-in, array-contains-any 
11.1.2023, 15:48:38 - DEBUG - Getting Watchlist 
11.1.2023, 15:48:45 - DEBUG - Getting Movies 
11.1.2023, 15:48:45 - ERROR - cannot find movies | Error: Value for argument "opStr" is invalid. Acceptable values are: <, <=, ==, !=, >, >=, array-contains, in, not-in, array-contains-any 
11.1.2023, 15:48:45 - ERROR - Failed to get movies | Error: Value for argument "opStr" is invalid. Acceptable values are: <, <=, ==, !=, >, >=, array-contains, in, not-in, array-contains-any 
11.1.2023, 15:48:45 - DEBUG - Getting Watchlist 
11.1.2023, 15:50:36 - INFO - Server is running on port: 3030 
11.1.2023, 15:50:43 - DEBUG - Getting Movies 
11.1.2023, 15:50:43 - DEBUG - Getting Watchlist 
11.1.2023, 15:50:44 - ERROR - cannot find movies | ReferenceError: snapshot is not defined 
11.1.2023, 15:50:44 - ERROR - Failed to get movies | ReferenceError: snapshot is not defined 
11.1.2023, 15:50:49 - DEBUG - Getting Movies 
11.1.2023, 15:50:49 - DEBUG - Getting Watchlist 
11.1.2023, 15:50:49 - ERROR - cannot find movies | ReferenceError: snapshot is not defined 
11.1.2023, 15:50:49 - ERROR - Failed to get movies | ReferenceError: snapshot is not defined 
11.1.2023, 15:50:57 - INFO - Server is running on port: 3030 
11.1.2023, 15:50:59 - DEBUG - Getting Movies 
11.1.2023, 15:51:00 - DEBUG - Getting Watchlist 
11.1.2023, 15:51:00 - ERROR - cannot find movies | ReferenceError: snapshot is not defined 
11.1.2023, 15:51:00 - ERROR - Failed to get movies | ReferenceError: snapshot is not defined 
11.1.2023, 15:57:36 - INFO - Server is running on port: 3030 
11.1.2023, 15:59:31 - INFO - Server is running on port: 3030 
11.1.2023, 15:59:39 - INFO - Server is running on port: 3030 
11.1.2023, 15:59:44 - DEBUG - Getting Movies 
11.1.2023, 15:59:45 - DEBUG - Getting Watchlist 
11.1.2023, 15:59:45 - ERROR - cannot find movies | TypeError: collection.where is not a function 
11.1.2023, 15:59:45 - ERROR - Failed to get movies | TypeError: collection.where is not a function 
11.1.2023, 15:59:49 - DEBUG - Getting Movies 
11.1.2023, 15:59:49 - DEBUG - Getting Watchlist 
11.1.2023, 15:59:49 - ERROR - cannot find movies | TypeError: collection.where is not a function 
11.1.2023, 15:59:49 - ERROR - Failed to get movies | TypeError: collection.where is not a function 
11.1.2023, 16:00:35 - INFO - Server is running on port: 3030 
11.1.2023, 16:00:38 - DEBUG - Getting Movies 
11.1.2023, 16:00:38 - ERROR - cannot find movies | Error: Value for argument "fieldPath" is not a valid field path. Paths can only be specified as strings or via a FieldPath object. 
11.1.2023, 16:00:38 - ERROR - Failed to get movies | Error: Value for argument "fieldPath" is not a valid field path. Paths can only be specified as strings or via a FieldPath object. 
11.1.2023, 16:00:38 - DEBUG - Getting Watchlist 
11.1.2023, 16:01:20 - INFO - Server is running on port: 3030 
11.1.2023, 16:01:24 - DEBUG - Getting Movies 
11.1.2023, 16:01:24 - ERROR - cannot find movies | Error: Value for argument "opStr" is invalid. Acceptable values are: <, <=, ==, !=, >, >=, array-contains, in, not-in, array-contains-any 
11.1.2023, 16:01:24 - ERROR - Failed to get movies | Error: Value for argument "opStr" is invalid. Acceptable values are: <, <=, ==, !=, >, >=, array-contains, in, not-in, array-contains-any 
11.1.2023, 16:01:24 - DEBUG - Getting Watchlist 
11.1.2023, 16:03:51 - INFO - Server is running on port: 3030 
11.1.2023, 16:03:55 - DEBUG - Getting Movies 
11.1.2023, 16:03:55 - DEBUG - Getting Watchlist 
11.1.2023, 16:03:56 - ERROR - cannot find movies | ReferenceError: collection is not defined 
11.1.2023, 16:03:56 - ERROR - Failed to get movies | ReferenceError: collection is not defined 
11.1.2023, 16:04:09 - INFO - Server is running on port: 3030 
11.1.2023, 16:04:11 - DEBUG - Getting Movies 
11.1.2023, 16:04:11 - DEBUG - Getting Watchlist 
11.1.2023, 16:04:12 - DEBUG - Getting Watchlist 
11.1.2023, 16:04:13 - DEBUG - Getting Watchlist 
11.1.2023, 16:04:18 - INFO - Server is running on port: 3030 
11.1.2023, 16:06:14 - INFO - Server is running on port: 3030 
11.1.2023, 16:06:19 - DEBUG - Getting Movies 
11.1.2023, 16:06:19 - DEBUG - Getting Watchlist 
11.1.2023, 16:06:20 - ERROR - cannot find movies | Error: 3 INVALID_ARGUMENT: 'ARRAY_CONTAINS_ANY' requires an ArrayValue. 
11.1.2023, 16:06:20 - ERROR - Failed to get movies | Error: 3 INVALID_ARGUMENT: 'ARRAY_CONTAINS_ANY' requires an ArrayValue. 
11.1.2023, 16:06:57 - INFO - Server is running on port: 3030 
11.1.2023, 16:07:00 - DEBUG - Getting Movies 
11.1.2023, 16:07:01 - DEBUG - Getting Watchlist 
11.1.2023, 16:07:13 - INFO - Server is running on port: 3030 
11.1.2023, 16:07:15 - DEBUG - Getting Movies 
11.1.2023, 16:07:15 - DEBUG - Getting Watchlist 
11.1.2023, 16:07:52 - INFO - Server is running on port: 3030 
11.1.2023, 16:07:54 - DEBUG - Getting Movies 
11.1.2023, 16:07:54 - DEBUG - Getting Watchlist 
11.1.2023, 16:08:03 - INFO - Server is running on port: 3030 
11.1.2023, 16:08:10 - DEBUG - Getting Movies 
11.1.2023, 16:08:10 - DEBUG - Getting Watchlist 
11.1.2023, 16:08:22 - INFO - Server is running on port: 3030 
11.1.2023, 16:08:24 - DEBUG - Getting Movies 
11.1.2023, 16:08:24 - DEBUG - Getting Watchlist 
11.1.2023, 16:08:34 - DEBUG - Getting Movies 
11.1.2023, 16:13:52 - INFO - Server is running on port: 3030 
11.1.2023, 16:14:03 - DEBUG - Getting Movies 
11.1.2023, 16:14:07 - DEBUG - Getting Movies 
11.1.2023, 16:14:07 - DEBUG - Getting Watchlist 
11.1.2023, 16:14:15 - DEBUG - Getting Movies 
11.1.2023, 16:14:15 - DEBUG - Getting Watchlist 
11.1.2023, 16:16:50 - INFO - Server is running on port: 3030 
11.1.2023, 16:16:57 - DEBUG - Getting Movies 
11.1.2023, 16:16:57 - DEBUG - Getting Watchlist 
11.1.2023, 16:17:17 - INFO - Server is running on port: 3030 
11.1.2023, 16:17:20 - DEBUG - Getting Movies 
11.1.2023, 16:17:20 - DEBUG - Getting Watchlist 
11.1.2023, 16:17:21 - ERROR - cannot find movies | Error: 3 INVALID_ARGUMENT: 'ARRAY_CONTAINS_ANY' requires an ArrayValue. 
11.1.2023, 16:17:21 - ERROR - Failed to get movies | Error: 3 INVALID_ARGUMENT: 'ARRAY_CONTAINS_ANY' requires an ArrayValue. 
11.1.2023, 16:17:25 - DEBUG - Getting Movies 
11.1.2023, 16:17:25 - DEBUG - Getting Watchlist 
11.1.2023, 16:17:25 - ERROR - cannot find movies | Error: 3 INVALID_ARGUMENT: 'ARRAY_CONTAINS_ANY' requires an ArrayValue. 
11.1.2023, 16:17:25 - ERROR - Failed to get movies | Error: 3 INVALID_ARGUMENT: 'ARRAY_CONTAINS_ANY' requires an ArrayValue. 
11.1.2023, 16:17:55 - INFO - Server is running on port: 3030 
11.1.2023, 16:18:03 - INFO - Server is running on port: 3030 
11.1.2023, 16:18:10 - DEBUG - Getting Movies 
11.1.2023, 16:18:10 - DEBUG - Getting Watchlist 
11.1.2023, 16:20:11 - INFO - Server is running on port: 3030 
11.1.2023, 16:20:16 - DEBUG - Getting Movies 
11.1.2023, 16:20:16 - DEBUG - Getting Watchlist 
11.1.2023, 16:24:35 - INFO - Server is running on port: 3030 
11.1.2023, 16:24:43 - DEBUG - Getting Movies 
11.1.2023, 16:24:43 - DEBUG - Getting Watchlist 
11.1.2023, 16:31:46 - INFO - Server is running on port: 3030 
11.1.2023, 16:31:49 - DEBUG - Getting Movies 
11.1.2023, 16:31:49 - DEBUG - Getting Watchlist 
11.1.2023, 16:32:12 - INFO - Server is running on port: 3030 
11.1.2023, 16:32:18 - DEBUG - Getting Movies 
11.1.2023, 16:32:18 - DEBUG - Getting Watchlist 
11.1.2023, 16:35:04 - INFO - Server is running on port: 3030 
11.1.2023, 16:35:09 - DEBUG - Getting Movies 
11.1.2023, 16:35:09 - DEBUG - Getting Watchlist 
11.1.2023, 16:37:48 - INFO - Server is running on port: 3030 
11.1.2023, 16:37:56 - DEBUG - Getting Movies 
11.1.2023, 16:37:56 - DEBUG - Getting Watchlist 
11.1.2023, 16:38:01 - INFO - Server is running on port: 3030 
11.1.2023, 16:38:05 - INFO - Server is running on port: 3030 
11.1.2023, 16:38:06 - DEBUG - Getting Movies 
11.1.2023, 16:38:06 - DEBUG - Getting Watchlist 
11.1.2023, 16:38:10 - DEBUG - Getting Movies 
11.1.2023, 16:38:10 - DEBUG - Getting Watchlist 
11.1.2023, 16:38:11 - DEBUG - Getting Movies 
11.1.2023, 16:38:11 - DEBUG - Getting Watchlist 
11.1.2023, 16:38:12 - DEBUG - Getting Movies 
11.1.2023, 16:38:12 - DEBUG - Getting Watchlist 
11.1.2023, 16:38:32 - DEBUG - Getting Movies 
11.1.2023, 16:38:32 - DEBUG - Getting Watchlist 
11.1.2023, 16:38:35 - DEBUG - Getting Movies 
11.1.2023, 16:38:35 - DEBUG - Getting Watchlist 
11.1.2023, 16:38:38 - DEBUG - Getting Movies 
11.1.2023, 16:38:38 - DEBUG - Getting Watchlist 
11.1.2023, 16:38:39 - DEBUG - Getting Movies 
11.1.2023, 16:38:39 - DEBUG - Getting Watchlist 
11.1.2023, 16:38:39 - DEBUG - Getting Movies 
11.1.2023, 16:38:39 - DEBUG - Getting Watchlist 
11.1.2023, 16:38:46 - DEBUG - Getting Watchlist 
11.1.2023, 16:38:47 - DEBUG - Getting Watchlist 
11.1.2023, 16:39:01 - INFO - Server is running on port: 3030 
11.1.2023, 16:42:41 - INFO - Server is running on port: 3030 
11.1.2023, 16:42:51 - DEBUG - Getting Movies 
11.1.2023, 16:42:51 - DEBUG - Getting Watchlist 
11.1.2023, 16:42:52 - ERROR - cannot find movies | TypeError: Cannot read properties of undefined (reading 'toLowerCase') 
11.1.2023, 16:42:52 - ERROR - Failed to get movies | TypeError: Cannot read properties of undefined (reading 'toLowerCase') 
11.1.2023, 16:42:58 - DEBUG - Getting Movies 
11.1.2023, 16:42:58 - DEBUG - Getting Watchlist 
11.1.2023, 16:42:58 - ERROR - cannot find movies | TypeError: Cannot read properties of undefined (reading 'toLowerCase') 
11.1.2023, 16:42:58 - ERROR - Failed to get movies | TypeError: Cannot read properties of undefined (reading 'toLowerCase') 
11.1.2023, 16:43:21 - INFO - Server is running on port: 3030 
11.1.2023, 16:43:22 - DEBUG - Getting Movies 
11.1.2023, 16:43:22 - DEBUG - Getting Watchlist 
11.1.2023, 16:43:23 - ERROR - cannot find movies | TypeError: Cannot read properties of undefined (reading 'toLowerCase') 
11.1.2023, 16:43:23 - ERROR - Failed to get movies | TypeError: Cannot read properties of undefined (reading 'toLowerCase') 
11.1.2023, 16:44:19 - INFO - Server is running on port: 3030 
11.1.2023, 16:44:22 - DEBUG - Getting Movies 
11.1.2023, 16:44:23 - DEBUG - Getting Watchlist 
11.1.2023, 16:44:23 - ERROR - cannot find movies | TypeError: Cannot read properties of undefined (reading 'toLowerCase') 
11.1.2023, 16:44:23 - ERROR - Failed to get movies | TypeError: Cannot read properties of undefined (reading 'toLowerCase') 
11.1.2023, 16:45:23 - INFO - Server is running on port: 3030 
11.1.2023, 16:45:27 - INFO - Server is running on port: 3030 
11.1.2023, 16:45:29 - DEBUG - Getting Movies 
11.1.2023, 16:45:29 - DEBUG - Getting Watchlist 
11.1.2023, 16:45:30 - ERROR - cannot find movies | TypeError: Cannot read properties of undefined (reading 'toLowerCase') 
11.1.2023, 16:45:30 - ERROR - Failed to get movies | TypeError: Cannot read properties of undefined (reading 'toLowerCase') 
11.1.2023, 16:45:34 - DEBUG - Getting Movies 
11.1.2023, 16:45:34 - DEBUG - Getting Watchlist 
11.1.2023, 16:45:35 - ERROR - Failed to get movies | TypeError: Cannot read properties of undefined (reading 'toLowerCase') 
11.1.2023, 16:45:35 - ERROR - cannot find movies | TypeError: Cannot read properties of undefined (reading 'toLowerCase') 
11.1.2023, 16:49:39 - INFO - Server is running on port: 3030 
11.1.2023, 17:25:14 - INFO - Server is running on port: 3030 
11.1.2023, 17:25:28 - DEBUG - Getting Movies 
11.1.2023, 17:25:28 - DEBUG - Getting Watchlist 
11.1.2023, 17:25:53 - DEBUG - Getting Movies 
11.1.2023, 17:25:53 - DEBUG - Getting Watchlist 
11.1.2023, 17:26:02 - DEBUG - Getting Movies 
11.1.2023, 17:26:02 - DEBUG - Getting Watchlist 
11.1.2023, 17:26:43 - INFO - Server is running on port: 3030 
11.1.2023, 17:26:45 - DEBUG - Getting Movies 
11.1.2023, 17:26:45 - DEBUG - Getting Watchlist 
11.1.2023, 17:27:21 - INFO - Server is running on port: 3030 
12.1.2023, 8:31:36 - INFO - Server is running on port: 3030 
12.1.2023, 8:34:06 - INFO - Server is running on port: 3030 
12.1.2023, 8:34:36 - DEBUG - Getting Movies 
12.1.2023, 8:34:36 - DEBUG - Getting Watchlist 
12.1.2023, 8:34:37 - DEBUG - Getting Watchlist 
12.1.2023, 8:34:37 - DEBUG - Getting Watchlist 
12.1.2023, 8:36:44 - DEBUG - Getting Movies 
12.1.2023, 8:36:44 - DEBUG - Getting Watchlist 
12.1.2023, 8:36:44 - DEBUG - Getting Watchlist 
12.1.2023, 8:36:44 - DEBUG - Getting Watchlist 
12.1.2023, 8:36:54 - DEBUG - Getting Movies 
12.1.2023, 8:36:54 - DEBUG - Getting Watchlist 
12.1.2023, 8:39:02 - DEBUG - Getting Movies 
12.1.2023, 8:39:02 - DEBUG - Getting Watchlist 
12.1.2023, 8:41:57 - INFO - Server is running on port: 3030 
12.1.2023, 8:42:05 - DEBUG - Getting Movies 
12.1.2023, 8:42:05 - DEBUG - Getting Watchlist 
12.1.2023, 8:42:11 - DEBUG - Getting Movies 
12.1.2023, 8:42:11 - DEBUG - Getting Watchlist 
12.1.2023, 8:43:22 - DEBUG - Getting Movies 
12.1.2023, 8:43:22 - DEBUG - Getting Watchlist 
12.1.2023, 8:44:05 - DEBUG - Getting Movies 
12.1.2023, 8:44:05 - DEBUG - Getting Watchlist 
12.1.2023, 8:44:30 - DEBUG - Getting Movies 
12.1.2023, 8:44:30 - DEBUG - Getting Watchlist 
12.1.2023, 8:45:59 - INFO - Server is running on port: 3030 
12.1.2023, 8:46:36 - DEBUG - Getting Movies 
12.1.2023, 8:46:37 - DEBUG - Getting Watchlist 
12.1.2023, 8:47:21 - INFO - Server is running on port: 3030 
12.1.2023, 8:47:23 - ERROR - while finding movie Ki0ZlOLLoXJYHmhYedv6 | ReferenceError: _id is not defined 
12.1.2023, 8:47:23 - ERROR - Failed to get movie | ReferenceError: _id is not defined 
12.1.2023, 8:47:23 - DEBUG - Getting Movies 
12.1.2023, 8:47:23 - DEBUG - Getting Watchlist 
12.1.2023, 8:47:52 - INFO - Server is running on port: 3030 
12.1.2023, 8:47:54 - DEBUG - Getting Movies 
12.1.2023, 8:47:54 - DEBUG - Getting Watchlist 
12.1.2023, 8:52:59 - INFO - Server is running on port: 3030 
12.1.2023, 8:53:41 - INFO - Server is running on port: 3030 
12.1.2023, 8:53:44 - INFO - Server is running on port: 3030 
12.1.2023, 8:53:50 - DEBUG - Getting Movies 
12.1.2023, 8:53:50 - DEBUG - Getting Watchlist 
12.1.2023, 8:55:22 - INFO - Server is running on port: 3030 
12.1.2023, 8:55:31 - DEBUG - Getting Movies 
12.1.2023, 8:55:32 - DEBUG - Getting Watchlist 
12.1.2023, 8:57:03 - INFO - Server is running on port: 3030 
12.1.2023, 8:57:56 - INFO - Server is running on port: 3030 
12.1.2023, 8:59:29 - INFO - Server is running on port: 3030 
12.1.2023, 8:59:35 - INFO - Server is running on port: 3030 
12.1.2023, 8:59:40 - DEBUG - Getting Movies 
12.1.2023, 8:59:40 - DEBUG - Getting Watchlist 
12.1.2023, 9:07:35 - INFO - Server is running on port: 3030 
12.1.2023, 9:07:42 - DEBUG - Getting Movies 
12.1.2023, 9:07:42 - DEBUG - Getting Watchlist 
12.1.2023, 9:08:24 - INFO - Server is running on port: 3030 
12.1.2023, 9:08:27 - DEBUG - Getting Movies 
12.1.2023, 9:08:27 - DEBUG - Getting Watchlist 
12.1.2023, 9:09:29 - INFO - Server is running on port: 3030 
12.1.2023, 9:10:18 - DEBUG - Getting Movies 
12.1.2023, 9:10:18 - DEBUG - Getting Watchlist 
12.1.2023, 9:10:25 - DEBUG - Getting Watchlist 
12.1.2023, 9:10:25 - DEBUG - Getting Movies 
12.1.2023, 9:10:25 - DEBUG - Getting Watchlist 
12.1.2023, 9:10:30 - DEBUG - Getting Movies 
12.1.2023, 9:10:30 - DEBUG - Getting Watchlist 
12.1.2023, 9:10:30 - DEBUG - Getting Watchlist 
12.1.2023, 9:10:31 - DEBUG - Getting Watchlist 
12.1.2023, 9:10:44 - DEBUG - Getting Watchlist 
12.1.2023, 9:10:44 - DEBUG - Getting Watchlist 
12.1.2023, 9:10:48 - DEBUG - Getting Watchlist 
12.1.2023, 9:10:48 - DEBUG - Getting Movies 
12.1.2023, 9:10:48 - DEBUG - Getting Watchlist 
12.1.2023, 9:12:54 - DEBUG - Getting Movies 
12.1.2023, 9:12:56 - DEBUG - Getting Movies 
12.1.2023, 9:12:58 - DEBUG - Getting Movies 
12.1.2023, 9:12:59 - DEBUG - Getting Movies 
12.1.2023, 9:13:03 - DEBUG - Getting Movies 
12.1.2023, 9:13:03 - DEBUG - Getting Movies 
12.1.2023, 9:13:04 - DEBUG - Getting Movies 
12.1.2023, 9:13:08 - DEBUG - Getting Movies 
12.1.2023, 9:13:08 - DEBUG - Getting Movies 
12.1.2023, 9:13:09 - DEBUG - Getting Movies 
12.1.2023, 9:13:09 - DEBUG - Getting Movies 
12.1.2023, 9:13:10 - DEBUG - Getting Movies 
12.1.2023, 9:13:10 - DEBUG - Getting Movies 
12.1.2023, 9:13:10 - DEBUG - Getting Movies 
12.1.2023, 9:13:12 - DEBUG - Getting Movies 
12.1.2023, 9:13:12 - DEBUG - Getting Movies 
12.1.2023, 9:13:12 - DEBUG - Getting Movies 
12.1.2023, 9:13:12 - DEBUG - Getting Movies 
12.1.2023, 9:13:13 - DEBUG - Getting Movies 
12.1.2023, 9:13:13 - DEBUG - Getting Movies 
12.1.2023, 9:13:14 - DEBUG - Getting Movies 
12.1.2023, 9:13:19 - DEBUG - Getting Movies 
12.1.2023, 9:13:19 - DEBUG - Getting Movies 
12.1.2023, 9:13:20 - DEBUG - Getting Movies 
12.1.2023, 9:13:20 - DEBUG - Getting Movies 
12.1.2023, 9:13:20 - DEBUG - Getting Movies 
12.1.2023, 9:13:21 - DEBUG - Getting Movies 
12.1.2023, 9:13:21 - DEBUG - Getting Movies 
12.1.2023, 9:13:22 - DEBUG - Getting Movies 
12.1.2023, 9:13:22 - DEBUG - Getting Movies 
12.1.2023, 9:13:22 - DEBUG - Getting Movies 
12.1.2023, 9:13:22 - DEBUG - Getting Movies 
12.1.2023, 9:13:22 - DEBUG - Getting Movies 
12.1.2023, 9:13:24 - DEBUG - Getting Watchlist 
12.1.2023, 9:13:24 - DEBUG - Getting Movies 
12.1.2023, 9:13:24 - DEBUG - Getting Watchlist 
12.1.2023, 9:17:26 - INFO - Server is running on port: 3030 
12.1.2023, 9:17:28 - DEBUG - Getting Movies 
12.1.2023, 9:17:28 - DEBUG - Getting Watchlist 
12.1.2023, 9:17:29 - DEBUG - Getting Watchlist 
12.1.2023, 9:17:29 - DEBUG - Getting Watchlist 
12.1.2023, 9:17:32 - DEBUG - Getting Watchlist 
12.1.2023, 9:17:32 - DEBUG - Getting Movies 
12.1.2023, 9:17:32 - ERROR - Failed to get movie | TypeError: Cannot read properties of undefined (reading 'id') 
12.1.2023, 9:17:42 - DEBUG - Getting Movies 
12.1.2023, 9:17:42 - DEBUG - Getting Watchlist 
12.1.2023, 9:17:43 - ERROR - Failed to get movie | TypeError: Cannot read properties of undefined (reading 'id') 
12.1.2023, 9:17:44 - DEBUG - Getting Movies 
12.1.2023, 9:17:44 - DEBUG - Getting Watchlist 
12.1.2023, 9:17:44 - ERROR - Failed to get movie | TypeError: Cannot read properties of undefined (reading 'id') 
12.1.2023, 9:18:17 - DEBUG - Getting Movies 
12.1.2023, 9:18:17 - DEBUG - Getting Watchlist 
12.1.2023, 9:18:17 - ERROR - Failed to get movie | TypeError: Cannot read properties of undefined (reading 'id') 
12.1.2023, 9:18:19 - DEBUG - Getting Movies 
12.1.2023, 9:18:19 - DEBUG - Getting Watchlist 
12.1.2023, 9:18:19 - ERROR - Failed to get movie | TypeError: Cannot read properties of undefined (reading 'id') 
12.1.2023, 9:18:44 - INFO - Server is running on port: 3030 
12.1.2023, 9:18:47 - DEBUG - Getting Movies 
12.1.2023, 9:18:47 - DEBUG - Getting Watchlist 
12.1.2023, 9:18:47 - ERROR - Failed to get movie | TypeError: Cannot read properties of undefined (reading 'id') 
12.1.2023, 9:19:00 - DEBUG - Getting Movies 
12.1.2023, 9:19:00 - DEBUG - Getting Watchlist 
12.1.2023, 9:19:00 - ERROR - Failed to get movie | TypeError: Cannot read properties of undefined (reading 'id') 
12.1.2023, 9:19:02 - DEBUG - Getting Movies 
12.1.2023, 9:19:02 - DEBUG - Getting Watchlist 
12.1.2023, 9:19:02 - DEBUG - Getting Watchlist 
12.1.2023, 9:19:02 - DEBUG - Getting Watchlist 
12.1.2023, 9:19:10 - DEBUG - Getting Movies 
12.1.2023, 9:19:10 - DEBUG - Getting Watchlist 
12.1.2023, 9:19:10 - DEBUG - Getting Watchlist 
12.1.2023, 9:19:15 - DEBUG - Getting Movies 
12.1.2023, 9:19:15 - DEBUG - Getting Watchlist 
12.1.2023, 9:20:23 - DEBUG - Getting Movies 
12.1.2023, 9:20:25 - DEBUG - Getting Movies 
12.1.2023, 9:20:25 - DEBUG - Getting Movies 
12.1.2023, 9:20:26 - DEBUG - Getting Movies 
12.1.2023, 9:20:26 - DEBUG - Getting Movies 
12.1.2023, 9:20:27 - DEBUG - Getting Movies 
12.1.2023, 9:20:27 - DEBUG - Getting Movies 
12.1.2023, 9:20:28 - DEBUG - Getting Movies 
12.1.2023, 9:20:28 - DEBUG - Getting Movies 
12.1.2023, 9:21:06 - DEBUG - Getting Movies 
12.1.2023, 9:35:55 - DEBUG - Getting Watchlist 
12.1.2023, 9:35:55 - DEBUG - Getting Movies 
12.1.2023, 9:35:55 - DEBUG - Getting Watchlist 
12.1.2023, 9:40:27 - INFO - Server is running on port: 3030 
12.1.2023, 9:41:13 - INFO - Server is running on port: 3030 
12.1.2023, 9:57:03 - INFO - Server is running on port: 3030 
12.1.2023, 9:57:56 - INFO - Server is running on port: 3030 
12.1.2023, 9:58:35 - DEBUG - Getting Watchlist 
12.1.2023, 9:58:35 - DEBUG - Getting Movies 
12.1.2023, 9:58:36 - ERROR - Failed to get movie | TypeError: Cannot read properties of undefined (reading 'id') 
12.1.2023, 9:58:36 - DEBUG - Getting Watchlist 
12.1.2023, 9:58:44 - DEBUG - Getting Watchlist 
12.1.2023, 9:58:44 - DEBUG - Getting Movies 
12.1.2023, 9:58:44 - DEBUG - Getting Watchlist 
12.1.2023, 9:58:47 - DEBUG - Getting Watchlist 
12.1.2023, 9:58:47 - DEBUG - Getting Movies 
12.1.2023, 9:58:47 - DEBUG - Getting Watchlist 
12.1.2023, 9:58:47 - ERROR - Failed to get movie | TypeError: Cannot read properties of undefined (reading 'id') 
12.1.2023, 9:58:50 - DEBUG - Getting Watchlist 
12.1.2023, 9:58:50 - DEBUG - Getting Movies 
12.1.2023, 9:58:50 - DEBUG - Getting Watchlist 
12.1.2023, 9:58:51 - DEBUG - Getting Watchlist 
12.1.2023, 9:58:51 - DEBUG - Getting Movies 
12.1.2023, 9:58:51 - DEBUG - Getting Watchlist 
12.1.2023, 9:58:51 - ERROR - Failed to get movie | TypeError: Cannot read properties of undefined (reading 'id') 
12.1.2023, 9:59:00 - ERROR - Failed to add movie to watchlist | ReferenceError: toyService is not defined 
12.1.2023, 9:59:00 - DEBUG - Getting Watchlist 
12.1.2023, 9:59:46 - DEBUG - Getting Movies 
12.1.2023, 9:59:46 - DEBUG - Getting Watchlist 
12.1.2023, 9:59:46 - ERROR - Failed to get movie | TypeError: Cannot read properties of undefined (reading 'id') 
12.1.2023, 10:00:02 - DEBUG - Getting Movies 
12.1.2023, 10:00:02 - DEBUG - Getting Watchlist 
12.1.2023, 10:00:02 - ERROR - Failed to get movie | TypeError: Cannot read properties of undefined (reading 'id') 
12.1.2023, 10:00:16 - DEBUG - Getting Movies 
12.1.2023, 10:00:16 - DEBUG - Getting Watchlist 
12.1.2023, 10:00:16 - DEBUG - Getting Watchlist 
12.1.2023, 10:00:16 - DEBUG - Getting Watchlist 
12.1.2023, 10:00:18 - DEBUG - Getting Movies 
12.1.2023, 10:00:18 - DEBUG - Getting Watchlist 
12.1.2023, 10:00:19 - ERROR - Failed to get movie | TypeError: Cannot read properties of undefined (reading 'id') 
12.1.2023, 10:00:24 - DEBUG - Getting Watchlist 
12.1.2023, 10:00:24 - DEBUG - Getting Movies 
12.1.2023, 10:00:24 - DEBUG - Getting Watchlist 
12.1.2023, 10:00:25 - DEBUG - Getting Movies 
12.1.2023, 10:00:25 - DEBUG - Getting Watchlist 
12.1.2023, 10:00:25 - ERROR - Failed to get movie | TypeError: Cannot read properties of undefined (reading 'id') 
12.1.2023, 10:02:43 - INFO - Server is running on port: 3030 
12.1.2023, 10:03:12 - INFO - Server is running on port: 3030 
12.1.2023, 10:03:14 - DEBUG - Getting Movies 
12.1.2023, 10:03:15 - DEBUG - Getting Watchlist 
12.1.2023, 10:03:15 - ERROR - Failed to get movie | TypeError: Cannot read properties of undefined (reading 'id') 
12.1.2023, 10:03:30 - INFO - Server is running on port: 3030 
12.1.2023, 10:03:38 - DEBUG - Getting Movies 
12.1.2023, 10:03:38 - DEBUG - Getting Watchlist 
12.1.2023, 10:03:39 - ERROR - Failed to get movie | TypeError: Cannot read properties of undefined (reading 'id') 
12.1.2023, 10:03:47 - DEBUG - Getting Movies 
12.1.2023, 10:03:48 - DEBUG - Getting Watchlist 
12.1.2023, 10:03:48 - DEBUG - Getting Watchlist 
12.1.2023, 10:03:48 - DEBUG - Getting Watchlist 
12.1.2023, 10:03:58 - DEBUG - Getting Movies 
12.1.2023, 10:03:58 - DEBUG - Getting Watchlist 
12.1.2023, 10:03:58 - ERROR - Failed to get movie | TypeError: Cannot read properties of undefined (reading 'id') 
12.1.2023, 10:06:18 - INFO - Server is running on port: 3030 
12.1.2023, 10:06:21 - DEBUG - Getting Movies 
12.1.2023, 10:06:21 - DEBUG - Getting Watchlist 
12.1.2023, 10:06:22 - ERROR - Failed to get movie | TypeError: Cannot read properties of undefined (reading 'id') 
12.1.2023, 10:11:36 - DEBUG - Getting Movies 
12.1.2023, 10:11:36 - DEBUG - Getting Watchlist 
12.1.2023, 10:11:37 - DEBUG - Getting Watchlist 
12.1.2023, 10:14:29 - INFO - Server is running on port: 3030 
12.1.2023, 10:15:24 - DEBUG - Getting Movies 
12.1.2023, 10:15:24 - DEBUG - Getting Watchlist 
12.1.2023, 10:15:25 - DEBUG - Getting Watchlist 
12.1.2023, 10:15:26 - DEBUG - Getting Watchlist 
12.1.2023, 10:15:32 - ERROR - Failed to add movie to watchlist | ReferenceError: toyService is not defined 
12.1.2023, 10:15:32 - DEBUG - Getting Watchlist 
12.1.2023, 10:19:28 - INFO - Server is running on port: 3030 
12.1.2023, 10:19:36 - DEBUG - Getting Movies 
12.1.2023, 10:19:36 - DEBUG - Getting Watchlist 
12.1.2023, 10:19:37 - DEBUG - Getting Watchlist 
12.1.2023, 10:19:37 - DEBUG - Getting Watchlist 
12.1.2023, 10:19:39 - ERROR - Failed to add movie to watchlist | ReferenceError: toyService is not defined 
12.1.2023, 10:19:39 - DEBUG - Getting Watchlist 
12.1.2023, 10:19:50 - INFO - Server is running on port: 3030 
12.1.2023, 10:19:54 - DEBUG - Getting Movies 
12.1.2023, 10:19:54 - DEBUG - Getting Watchlist 
12.1.2023, 10:19:55 - DEBUG - Getting Watchlist 
12.1.2023, 10:19:55 - DEBUG - Getting Watchlist 
12.1.2023, 10:19:56 - DEBUG - Getting Watchlist 
12.1.2023, 10:19:57 - DEBUG - Getting Watchlist 
12.1.2023, 10:20:36 - DEBUG - Getting Movies 
12.1.2023, 10:20:36 - DEBUG - Getting Watchlist 
12.1.2023, 10:20:36 - DEBUG - Getting Watchlist 
12.1.2023, 10:22:31 - INFO - Server is running on port: 3030 
12.1.2023, 10:22:34 - DEBUG - Getting Movies 
12.1.2023, 10:22:34 - DEBUG - Getting Watchlist 
12.1.2023, 10:22:35 - DEBUG - Getting Watchlist 
12.1.2023, 10:22:35 - DEBUG - Getting Watchlist 
12.1.2023, 10:22:52 - DEBUG - Getting Movies 
12.1.2023, 10:22:52 - DEBUG - Getting Watchlist 
12.1.2023, 10:22:52 - DEBUG - Getting Watchlist 
12.1.2023, 10:23:32 - DEBUG - Getting Movies 
12.1.2023, 10:23:32 - DEBUG - Getting Watchlist 
12.1.2023, 10:23:34 - DEBUG - Getting Watchlist 
12.1.2023, 10:23:34 - DEBUG - Getting Watchlist 
12.1.2023, 10:23:37 - DEBUG - Getting Movies 
12.1.2023, 10:23:37 - DEBUG - Getting Watchlist 
12.1.2023, 10:23:38 - DEBUG - Getting Watchlist 
12.1.2023, 10:23:38 - DEBUG - Getting Watchlist 
12.1.2023, 10:23:40 - DEBUG - Getting Watchlist 
12.1.2023, 10:23:40 - DEBUG - Getting Movies 
12.1.2023, 10:23:40 - DEBUG - Getting Watchlist 
12.1.2023, 10:24:22 - INFO - Server is running on port: 3030 
12.1.2023, 10:24:25 - ERROR - Failed to remove movie from watchlist | ReferenceError: toyService is not defined 
12.1.2023, 10:24:25 - DEBUG - Getting Watchlist 
12.1.2023, 10:24:46 - DEBUG - Getting Watchlist 
12.1.2023, 10:24:47 - DEBUG - Getting Watchlist 
12.1.2023, 10:24:53 - DEBUG - Getting Watchlist 
12.1.2023, 10:24:53 - DEBUG - Getting Movies 
12.1.2023, 10:24:53 - DEBUG - Getting Watchlist 
12.1.2023, 10:26:38 - INFO - Server is running on port: 3030 
12.1.2023, 10:26:42 - DEBUG - Getting Movies 
12.1.2023, 10:26:42 - DEBUG - Getting Watchlist 
12.1.2023, 10:26:42 - DEBUG - Getting Watchlist 
12.1.2023, 10:26:42 - DEBUG - Getting Watchlist 
12.1.2023, 10:26:49 - DEBUG - Getting Watchlist 
12.1.2023, 10:26:49 - DEBUG - Getting Movies 
12.1.2023, 10:26:49 - DEBUG - Getting Watchlist 
12.1.2023, 10:26:58 - DEBUG - Getting Watchlist 
12.1.2023, 10:26:58 - DEBUG - Getting Movies 
12.1.2023, 10:26:58 - DEBUG - Getting Watchlist 
12.1.2023, 10:31:42 - INFO - Server is running on port: 3030 
12.1.2023, 10:39:26 - INFO - Server is running on port: 3030 
12.1.2023, 10:40:01 - INFO - Server is running on port: 3030 
12.1.2023, 10:44:06 - INFO - Server is running on port: 3030 
12.1.2023, 10:44:58 - INFO - Server is running on port: 3030 
12.1.2023, 10:44:59 - INFO - Server is running on port: 3030 
12.1.2023, 10:47:16 - INFO - Server is running on port: 3030 
12.1.2023, 10:47:28 - INFO - Server is running on port: 3030 
12.1.2023, 10:49:21 - INFO - Server is running on port: 3030 
12.1.2023, 10:49:25 - DEBUG - Getting Movies 
12.1.2023, 10:49:26 - DEBUG - Getting Watchlist 
12.1.2023, 10:49:26 - DEBUG - Getting Watchlist 
12.1.2023, 10:49:26 - DEBUG - Getting Watchlist 
12.1.2023, 10:49:29 - DEBUG - Getting Watchlist 
12.1.2023, 10:49:29 - DEBUG - Getting Watchlist 
12.1.2023, 10:49:29 - DEBUG - Getting Watchlist 
12.1.2023, 10:49:47 - INFO - Server is running on port: 3030 
12.1.2023, 10:49:50 - DEBUG - Getting Watchlist 
12.1.2023, 10:49:51 - DEBUG - Getting Watchlist 
12.1.2023, 10:49:51 - DEBUG - Getting Watchlist 
12.1.2023, 10:50:02 - INFO - Server is running on port: 3030 
12.1.2023, 10:50:19 - INFO - Server is running on port: 3030 
12.1.2023, 10:50:21 - DEBUG - Getting Movies 
12.1.2023, 10:50:21 - DEBUG - Getting Watchlist 
12.1.2023, 10:50:22 - DEBUG - Getting Watchlist 
12.1.2023, 10:50:22 - DEBUG - Getting Watchlist 
12.1.2023, 10:50:24 - DEBUG - Getting Watchlist 
12.1.2023, 10:50:24 - DEBUG - Getting Watchlist 
12.1.2023, 10:50:24 - DEBUG - Getting Watchlist 
12.1.2023, 10:50:32 - DEBUG - Getting Watchlist 
12.1.2023, 10:50:32 - DEBUG - Getting Movies 
12.1.2023, 10:50:32 - DEBUG - Getting Watchlist 
12.1.2023, 10:50:35 - DEBUG - Getting Watchlist 
12.1.2023, 10:50:35 - DEBUG - Getting Watchlist 
12.1.2023, 10:50:35 - DEBUG - Getting Watchlist 
12.1.2023, 11:08:54 - INFO - Server is running on port: 3030 
12.1.2023, 11:08:58 - DEBUG - Getting Watchlist 
12.1.2023, 11:08:59 - DEBUG - Getting Movies 
12.1.2023, 11:08:59 - DEBUG - Getting Watchlist 
12.1.2023, 11:09:02 - DEBUG - Getting Watchlist 
12.1.2023, 11:09:02 - DEBUG - Getting Watchlist 
12.1.2023, 11:09:02 - DEBUG - Getting Watchlist 
12.1.2023, 11:09:06 - DEBUG - Getting Watchlist 
12.1.2023, 11:09:06 - DEBUG - Getting Movies 
12.1.2023, 11:09:06 - DEBUG - Getting Watchlist 
12.1.2023, 11:11:50 - INFO - Server is running on port: 3030 
12.1.2023, 11:11:57 - DEBUG - Getting Movies 
12.1.2023, 11:11:57 - DEBUG - Getting Watchlist 
12.1.2023, 11:11:58 - DEBUG - Getting Watchlist 
12.1.2023, 11:11:58 - DEBUG - Getting Watchlist 
12.1.2023, 11:12:00 - DEBUG - Getting Watchlist 
12.1.2023, 11:12:00 - DEBUG - Getting Watchlist 
12.1.2023, 11:12:00 - DEBUG - Getting Watchlist 
12.1.2023, 11:12:14 - DEBUG - Getting Movies 
12.1.2023, 11:12:14 - DEBUG - Getting Watchlist 
12.1.2023, 11:12:15 - DEBUG - Getting Watchlist 
12.1.2023, 11:13:07 - INFO - Server is running on port: 3030 
12.1.2023, 11:13:09 - DEBUG - Getting Movies 
12.1.2023, 11:13:10 - DEBUG - Getting Watchlist 
12.1.2023, 11:13:10 - DEBUG - Getting Watchlist 
12.1.2023, 11:13:10 - DEBUG - Getting Watchlist 
12.1.2023, 11:13:13 - DEBUG - Getting Watchlist 
12.1.2023, 11:13:13 - DEBUG - Getting Watchlist 
12.1.2023, 11:13:13 - DEBUG - Getting Watchlist 
12.1.2023, 11:18:43 - INFO - Server is running on port: 3030 
12.1.2023, 11:18:50 - DEBUG - Getting Watchlist 
12.1.2023, 11:18:51 - DEBUG - Getting Movies 
12.1.2023, 11:18:51 - DEBUG - Getting Watchlist 
12.1.2023, 11:19:02 - DEBUG - Getting Watchlist 
12.1.2023, 11:19:02 - DEBUG - Getting Watchlist 
12.1.2023, 11:20:42 - INFO - Server is running on port: 3030 
12.1.2023, 11:21:29 - DEBUG - Getting Movies 
12.1.2023, 11:21:29 - DEBUG - Getting Watchlist 
12.1.2023, 11:21:30 - DEBUG - Getting Watchlist 
12.1.2023, 11:21:35 - DEBUG - Getting Watchlist 
12.1.2023, 11:21:35 - DEBUG - Getting Watchlist 
12.1.2023, 11:23:10 - INFO - Server is running on port: 3030 
12.1.2023, 11:23:15 - DEBUG - Getting Movies 
12.1.2023, 11:23:15 - DEBUG - Getting Watchlist 
12.1.2023, 11:23:16 - DEBUG - Getting Watchlist 
12.1.2023, 11:23:16 - DEBUG - Getting Watchlist 
12.1.2023, 11:23:29 - DEBUG - Getting Movies 
12.1.2023, 11:23:29 - DEBUG - Getting Watchlist 
12.1.2023, 11:23:29 - DEBUG - Getting Watchlist 
12.1.2023, 11:23:29 - DEBUG - Getting Watchlist 
12.1.2023, 11:23:35 - DEBUG - Getting Watchlist 
12.1.2023, 11:23:35 - DEBUG - Getting Watchlist 
12.1.2023, 11:25:54 - INFO - Server is running on port: 3030 
12.1.2023, 11:26:03 - INFO - Server is running on port: 3030 
12.1.2023, 11:26:09 - INFO - Server is running on port: 3030 
12.1.2023, 11:26:34 - DEBUG - Getting Movies 
12.1.2023, 11:26:34 - DEBUG - Getting Watchlist 
12.1.2023, 11:26:35 - DEBUG - Getting Watchlist 
12.1.2023, 11:26:55 - DEBUG - Getting Movies 
12.1.2023, 11:26:55 - DEBUG - Getting Watchlist 
12.1.2023, 11:26:55 - DEBUG - Getting Watchlist 
12.1.2023, 11:26:55 - DEBUG - Getting Watchlist 
12.1.2023, 11:26:58 - DEBUG - Getting Watchlist 
12.1.2023, 11:26:58 - DEBUG - Getting Watchlist 
12.1.2023, 11:26:59 - DEBUG - Getting Watchlist 
12.1.2023, 11:26:59 - DEBUG - Getting Watchlist 
12.1.2023, 11:27:15 - INFO - Server is running on port: 3030 
12.1.2023, 11:27:24 - INFO - Server is running on port: 3030 
12.1.2023, 11:27:27 - DEBUG - Getting Movies 
12.1.2023, 11:27:27 - DEBUG - Getting Watchlist 
12.1.2023, 11:27:28 - DEBUG - Getting Watchlist 
12.1.2023, 11:30:58 - INFO - Server is running on port: 3030 
12.1.2023, 11:31:08 - DEBUG - Getting Movies 
12.1.2023, 11:31:08 - DEBUG - Getting Watchlist 
12.1.2023, 11:31:09 - DEBUG - Getting Watchlist 
12.1.2023, 11:31:11 - DEBUG - Getting Watchlist 
12.1.2023, 11:31:11 - DEBUG - Getting Watchlist 
12.1.2023, 11:31:18 - DEBUG - Getting Watchlist 
12.1.2023, 11:31:18 - DEBUG - Getting Watchlist 
12.1.2023, 11:31:34 - DEBUG - Getting Movies 
12.1.2023, 11:31:34 - DEBUG - Getting Watchlist 
12.1.2023, 11:31:34 - DEBUG - Getting Watchlist 
12.1.2023, 11:31:36 - DEBUG - Getting Watchlist 
12.1.2023, 11:31:36 - DEBUG - Getting Watchlist 
12.1.2023, 11:31:36 - DEBUG - Getting Watchlist 
12.1.2023, 11:32:54 - INFO - Server is running on port: 3030 
12.1.2023, 11:33:03 - DEBUG - Getting Movies 
12.1.2023, 11:33:03 - DEBUG - Getting Watchlist 
12.1.2023, 11:33:04 - DEBUG - Getting Watchlist 
12.1.2023, 11:33:04 - DEBUG - Getting Watchlist 
12.1.2023, 11:33:06 - DEBUG - Getting Watchlist 
12.1.2023, 11:33:06 - DEBUG - Getting Movies 
12.1.2023, 11:33:06 - DEBUG - Getting Watchlist 
12.1.2023, 11:33:08 - DEBUG - Getting Watchlist 
12.1.2023, 11:33:08 - ERROR - cannot remove movie from watchlist 3QHXbtz3hnjuWpMgg6yt | TypeError: watchlistRef.delete is not a function 
12.1.2023, 11:33:08 - ERROR - Failed to remove movie from watchlist | TypeError: watchlistRef.delete is not a function 
12.1.2023, 11:33:20 - DEBUG - Getting Movies 
12.1.2023, 11:33:20 - DEBUG - Getting Watchlist 
12.1.2023, 11:33:20 - DEBUG - Getting Watchlist 
12.1.2023, 11:33:20 - DEBUG - Getting Watchlist 
12.1.2023, 11:33:23 - DEBUG - Getting Watchlist 
12.1.2023, 11:33:23 - ERROR - cannot remove movie from watchlist 3QHXbtz3hnjuWpMgg6yt | TypeError: watchlistRef.delete is not a function 
12.1.2023, 11:33:23 - ERROR - Failed to remove movie from watchlist | TypeError: watchlistRef.delete is not a function 
12.1.2023, 11:34:31 - INFO - Server is running on port: 3030 
12.1.2023, 11:34:35 - DEBUG - Getting Movies 
12.1.2023, 11:34:35 - DEBUG - Getting Watchlist 
12.1.2023, 11:34:37 - DEBUG - Getting Watchlist 
12.1.2023, 11:34:37 - DEBUG - Getting Watchlist 
12.1.2023, 11:34:39 - DEBUG - Getting Watchlist 
12.1.2023, 11:34:39 - ERROR - Failed to remove movie from watchlist | TypeError: watchlistRef.delete is not a function 
12.1.2023, 11:34:39 - ERROR - cannot remove movie from watchlist 3QHXbtz3hnjuWpMgg6yt | TypeError: watchlistRef.delete is not a function 
12.1.2023, 11:35:58 - INFO - Server is running on port: 3030 
12.1.2023, 11:36:01 - DEBUG - Getting Movies 
12.1.2023, 11:36:01 - DEBUG - Getting Watchlist 
12.1.2023, 11:36:03 - DEBUG - Getting Watchlist 
12.1.2023, 11:36:03 - DEBUG - Getting Watchlist 
12.1.2023, 11:36:04 - DEBUG - Getting Watchlist 
12.1.2023, 11:36:53 - DEBUG - Getting Movies 
12.1.2023, 11:37:01 - DEBUG - Getting Movies 
12.1.2023, 11:37:01 - DEBUG - Getting Watchlist 
12.1.2023, 11:37:07 - DEBUG - Getting Movies 
12.1.2023, 11:37:07 - DEBUG - Getting Watchlist 
12.1.2023, 11:37:13 - DEBUG - Getting Movies 
12.1.2023, 11:37:13 - DEBUG - Getting Watchlist 
12.1.2023, 11:37:23 - DEBUG - Getting Movies 
12.1.2023, 11:37:23 - DEBUG - Getting Watchlist 
12.1.2023, 11:38:12 - DEBUG - Getting Movies 
12.1.2023, 11:38:12 - DEBUG - Getting Watchlist 
12.1.2023, 11:39:02 - DEBUG - Getting Watchlist 
12.1.2023, 11:39:02 - DEBUG - Getting Watchlist 
12.1.2023, 11:39:57 - DEBUG - Getting Movies 
12.1.2023, 11:39:57 - DEBUG - Getting Watchlist 
12.1.2023, 11:40:59 - DEBUG - Getting Movies 
12.1.2023, 11:40:59 - DEBUG - Getting Watchlist 
12.1.2023, 11:41:13 - DEBUG - Getting Movies 
12.1.2023, 11:41:13 - DEBUG - Getting Watchlist 
12.1.2023, 11:41:17 - DEBUG - Getting Movies 
12.1.2023, 11:41:17 - DEBUG - Getting Watchlist 
12.1.2023, 11:41:34 - DEBUG - Getting Movies 
12.1.2023, 11:41:34 - DEBUG - Getting Watchlist 
12.1.2023, 11:41:35 - DEBUG - Getting Watchlist 
12.1.2023, 11:41:35 - DEBUG - Getting Watchlist 
12.1.2023, 11:41:41 - DEBUG - Getting Watchlist 
12.1.2023, 11:41:42 - DEBUG - Getting Watchlist 
12.1.2023, 11:41:42 - DEBUG - Getting Watchlist 
12.1.2023, 11:41:47 - DEBUG - Getting Watchlist 
12.1.2023, 11:41:48 - DEBUG - Getting Watchlist 
12.1.2023, 11:41:49 - DEBUG - Getting Movies 
12.1.2023, 11:41:49 - DEBUG - Getting Watchlist 
12.1.2023, 11:41:49 - DEBUG - Getting Watchlist 
12.1.2023, 11:41:51 - DEBUG - Getting Watchlist 
12.1.2023, 11:41:51 - DEBUG - Getting Watchlist 
12.1.2023, 11:41:51 - DEBUG - Getting Watchlist 
12.1.2023, 11:41:55 - DEBUG - Getting Watchlist 
12.1.2023, 11:41:55 - DEBUG - Getting Movies 
12.1.2023, 11:41:56 - DEBUG - Getting Watchlist 
12.1.2023, 11:42:02 - DEBUG - Getting Watchlist 
12.1.2023, 11:42:02 - DEBUG - Getting Watchlist 
12.1.2023, 11:42:04 - DEBUG - Getting Watchlist 
12.1.2023, 11:42:04 - DEBUG - Getting Watchlist 
12.1.2023, 11:42:05 - DEBUG - Getting Watchlist 
12.1.2023, 11:42:41 - INFO - Server is running on port: 3030 
12.1.2023, 11:42:53 - INFO - Server is running on port: 3030 
12.1.2023, 11:42:55 - INFO - Server is running on port: 3030 
12.1.2023, 11:43:02 - INFO - Server is running on port: 3030 
12.1.2023, 11:43:28 - DEBUG - Getting Watchlist 
12.1.2023, 11:43:28 - DEBUG - Getting Watchlist 
12.1.2023, 11:43:33 - DEBUG - Getting Watchlist 
12.1.2023, 11:43:33 - DEBUG - Getting Movies 
12.1.2023, 11:43:33 - DEBUG - Getting Watchlist 
12.1.2023, 11:43:35 - DEBUG - Getting Watchlist 
12.1.2023, 11:43:35 - DEBUG - Getting Watchlist 
12.1.2023, 11:43:36 - DEBUG - Getting Watchlist 
12.1.2023, 11:43:38 - DEBUG - Getting Watchlist 
12.1.2023, 11:43:38 - DEBUG - Getting Movies 
12.1.2023, 11:43:38 - DEBUG - Getting Watchlist 
12.1.2023, 11:44:27 - DEBUG - Getting Movies 
12.1.2023, 11:44:27 - DEBUG - Getting Watchlist 
12.1.2023, 11:44:27 - DEBUG - Getting Watchlist 
12.1.2023, 11:44:27 - DEBUG - Getting Watchlist 
12.1.2023, 11:44:33 - DEBUG - Getting Movies 
12.1.2023, 11:44:33 - DEBUG - Getting Watchlist 
12.1.2023, 11:44:33 - DEBUG - Getting Watchlist 
12.1.2023, 11:44:33 - DEBUG - Getting Watchlist 
12.1.2023, 11:44:34 - DEBUG - Getting Movies 
12.1.2023, 11:44:34 - DEBUG - Getting Watchlist 
12.1.2023, 11:44:35 - DEBUG - Getting Watchlist 
12.1.2023, 11:44:49 - DEBUG - Getting Watchlist 
12.1.2023, 11:44:49 - DEBUG - Getting Movies 
12.1.2023, 11:44:49 - DEBUG - Getting Watchlist 
12.1.2023, 11:44:51 - DEBUG - Getting Movies 
12.1.2023, 11:44:51 - DEBUG - Getting Watchlist 
12.1.2023, 11:44:51 - DEBUG - Getting Watchlist 
12.1.2023, 11:44:52 - DEBUG - Getting Watchlist 
12.1.2023, 11:44:55 - DEBUG - Getting Watchlist 
12.1.2023, 11:44:56 - DEBUG - Getting Watchlist 
12.1.2023, 11:44:59 - DEBUG - Getting Movies 
12.1.2023, 11:44:59 - DEBUG - Getting Watchlist 
12.1.2023, 11:44:59 - DEBUG - Getting Watchlist 
12.1.2023, 11:45:01 - DEBUG - Getting Watchlist 
12.1.2023, 11:45:01 - DEBUG - Getting Watchlist 
12.1.2023, 11:45:01 - DEBUG - Getting Watchlist 
12.1.2023, 11:45:04 - DEBUG - Getting Watchlist 
12.1.2023, 11:45:04 - DEBUG - Getting Movies 
12.1.2023, 11:45:04 - DEBUG - Getting Watchlist 
12.1.2023, 11:45:05 - DEBUG - Getting Movies 
12.1.2023, 11:45:07 - DEBUG - Getting Movies 
12.1.2023, 11:45:08 - DEBUG - Getting Movies 
12.1.2023, 11:45:13 - DEBUG - Getting Movies 
12.1.2023, 11:45:13 - DEBUG - Getting Movies 
12.1.2023, 11:45:15 - DEBUG - Getting Movies 
12.1.2023, 11:45:17 - DEBUG - Getting Movies 
12.1.2023, 11:46:12 - DEBUG - Getting Movies 
12.1.2023, 11:46:14 - DEBUG - Getting Movies 
12.1.2023, 11:46:14 - DEBUG - Getting Movies 
12.1.2023, 11:46:15 - DEBUG - Getting Movies 
12.1.2023, 11:46:16 - DEBUG - Getting Movies 
12.1.2023, 11:46:16 - DEBUG - Getting Movies 
12.1.2023, 11:46:16 - DEBUG - Getting Movies 
12.1.2023, 11:46:18 - DEBUG - Getting Movies 
12.1.2023, 11:46:18 - DEBUG - Getting Movies 
12.1.2023, 11:46:19 - DEBUG - Getting Movies 
12.1.2023, 11:46:22 - DEBUG - Getting Movies 
12.1.2023, 11:46:22 - DEBUG - Getting Movies 
12.1.2023, 11:46:22 - DEBUG - Getting Movies 
12.1.2023, 11:47:34 - INFO - Server is running on port: 3030 
12.1.2023, 11:47:55 - DEBUG - Getting Movies 
12.1.2023, 11:47:58 - DEBUG - Getting Movies 
12.1.2023, 11:48:00 - DEBUG - Getting Movies 
12.1.2023, 11:48:00 - DEBUG - Getting Movies 
12.1.2023, 11:48:04 - DEBUG - Getting Watchlist 
12.1.2023, 11:48:04 - DEBUG - Getting Movies 
12.1.2023, 11:48:05 - DEBUG - Getting Watchlist 
12.1.2023, 11:48:05 - DEBUG - Getting Watchlist 
12.1.2023, 11:53:56 - INFO - Server is running on port: 3030 
12.1.2023, 11:54:09 - INFO - Server is running on port: 3030 
12.1.2023, 12:01:15 - INFO - Server is running on port: 3030 
12.1.2023, 12:01:20 - DEBUG - Getting Movies 
12.1.2023, 12:01:20 - DEBUG - Getting Watchlist 
12.1.2023, 12:01:21 - DEBUG - Getting Watchlist 
12.1.2023, 12:01:21 - DEBUG - Getting Watchlist 
12.1.2023, 12:01:27 - DEBUG - Getting Watchlist 
12.1.2023, 12:01:27 - DEBUG - Getting Watchlist 
12.1.2023, 12:01:29 - DEBUG - Getting Watchlist 
12.1.2023, 12:01:29 - DEBUG - Getting Watchlist 
12.1.2023, 12:01:29 - DEBUG - Getting Watchlist 
12.1.2023, 12:01:33 - DEBUG - Getting Movies 
12.1.2023, 12:01:33 - DEBUG - Getting Watchlist 
12.1.2023, 12:01:33 - DEBUG - Getting Watchlist 
12.1.2023, 12:01:37 - DEBUG - Getting Watchlist 
12.1.2023, 12:01:37 - DEBUG - Getting Movies 
12.1.2023, 12:01:37 - DEBUG - Getting Watchlist 
12.1.2023, 12:01:39 - DEBUG - Getting Movies 
12.1.2023, 12:01:43 - DEBUG - Getting Movies 
12.1.2023, 12:01:43 - DEBUG - Getting Movies 
12.1.2023, 12:01:44 - DEBUG - Getting Movies 
12.1.2023, 12:01:45 - DEBUG - Getting Movies 
12.1.2023, 12:01:46 - DEBUG - Getting Movies 
12.1.2023, 12:01:46 - DEBUG - Getting Movies 
12.1.2023, 12:01:46 - DEBUG - Getting Movies 
12.1.2023, 12:01:46 - DEBUG - Getting Movies 
12.1.2023, 12:01:47 - DEBUG - Getting Movies 
12.1.2023, 12:01:47 - DEBUG - Getting Movies 
12.1.2023, 12:01:48 - DEBUG - Getting Movies 
12.1.2023, 12:01:48 - DEBUG - Getting Movies 
12.1.2023, 12:01:48 - DEBUG - Getting Movies 
12.1.2023, 12:01:49 - DEBUG - Getting Movies 
12.1.2023, 12:01:49 - DEBUG - Getting Movies 
12.1.2023, 12:01:49 - DEBUG - Getting Movies 
12.1.2023, 12:01:51 - DEBUG - Getting Watchlist 
12.1.2023, 12:01:51 - DEBUG - Getting Movies 
12.1.2023, 12:01:52 - DEBUG - Getting Watchlist 
12.1.2023, 14:11:46 - INFO - Server is running on port: 3030 
12.1.2023, 14:11:59 - INFO - Server is running on port: 3030 
12.1.2023, 14:12:27 - DEBUG - Getting Movies 
12.1.2023, 14:12:28 - DEBUG - Getting Watchlist 
12.1.2023, 14:12:28 - DEBUG - Getting Watchlist 
12.1.2023, 14:12:28 - DEBUG - Getting Watchlist 
12.1.2023, 14:22:45 - INFO - Server is running on port: 3030 
12.1.2023, 14:31:01 - INFO - Server is running on port: 3030 
12.1.2023, 14:31:05 - DEBUG - Getting Movies 
12.1.2023, 14:31:05 - DEBUG - Getting Watchlist 
12.1.2023, 14:31:07 - DEBUG - Getting Watchlist 
12.1.2023, 14:31:31 - DEBUG - Getting Watchlist 
12.1.2023, 14:31:31 - DEBUG - Getting Watchlist 
12.1.2023, 14:31:39 - DEBUG - Getting Watchlist 
12.1.2023, 14:31:39 - DEBUG - Getting Watchlist 
12.1.2023, 14:31:42 - DEBUG - Getting Watchlist 
12.1.2023, 14:31:42 - DEBUG - Getting Watchlist 
12.1.2023, 14:31:42 - DEBUG - Getting Watchlist 
12.1.2023, 14:31:50 - DEBUG - Getting Watchlist 
12.1.2023, 14:31:51 - DEBUG - Getting Watchlist 
12.1.2023, 14:31:53 - DEBUG - Getting Watchlist 
12.1.2023, 14:31:53 - DEBUG - Getting Watchlist 
12.1.2023, 14:31:53 - DEBUG - Getting Watchlist 
12.1.2023, 14:31:55 - DEBUG - Getting Movies 
12.1.2023, 14:31:55 - DEBUG - Getting Watchlist 
12.1.2023, 14:31:56 - DEBUG - Getting Watchlist 
12.1.2023, 14:32:00 - DEBUG - Getting Watchlist 
12.1.2023, 14:32:00 - DEBUG - Getting Movies 
12.1.2023, 14:32:00 - DEBUG - Getting Watchlist 
12.1.2023, 14:32:03 - DEBUG - Getting Movies 
12.1.2023, 14:32:05 - DEBUG - Getting Watchlist 
12.1.2023, 14:32:05 - DEBUG - Getting Movies 
12.1.2023, 14:32:05 - DEBUG - Getting Watchlist 
12.1.2023, 14:32:36 - INFO - Server is running on port: 3030 
12.1.2023, 14:32:45 - INFO - Server is running on port: 3030 
12.1.2023, 14:34:16 - INFO - Server is running on port: 3030 
12.1.2023, 14:34:34 - INFO - Server is running on port: 3030 
12.1.2023, 14:35:03 - DEBUG - Getting Watchlist 
12.1.2023, 14:35:03 - DEBUG - Getting Watchlist 
12.1.2023, 14:37:32 - DEBUG - Getting Watchlist 
12.1.2023, 14:37:32 - DEBUG - Getting Watchlist 
12.1.2023, 14:37:57 - DEBUG - Getting Watchlist 
12.1.2023, 14:37:58 - DEBUG - Getting Watchlist 
12.1.2023, 14:37:58 - DEBUG - Getting Watchlist 
12.1.2023, 14:40:23 - DEBUG - Getting Watchlist 
12.1.2023, 14:40:23 - DEBUG - Getting Movies 
12.1.2023, 14:40:23 - DEBUG - Getting Watchlist 
12.1.2023, 14:40:25 - DEBUG - Getting Watchlist 
12.1.2023, 14:40:26 - DEBUG - Getting Watchlist 
12.1.2023, 14:40:26 - DEBUG - Getting Watchlist 
12.1.2023, 14:40:28 - DEBUG - Getting Movies 
12.1.2023, 14:40:28 - DEBUG - Getting Watchlist 
12.1.2023, 14:40:28 - DEBUG - Getting Watchlist 
12.1.2023, 14:40:28 - DEBUG - Getting Watchlist 
12.1.2023, 14:40:43 - DEBUG - Getting Watchlist 
12.1.2023, 14:40:43 - DEBUG - Getting Movies 
12.1.2023, 14:40:44 - DEBUG - Getting Watchlist 
12.1.2023, 14:41:44 - DEBUG - Getting Watchlist 
12.1.2023, 14:41:44 - DEBUG - Getting Movies 
12.1.2023, 14:41:45 - DEBUG - Getting Watchlist 
12.1.2023, 14:41:46 - DEBUG - Getting Watchlist 
12.1.2023, 14:41:46 - DEBUG - Getting Watchlist 
12.1.2023, 14:41:46 - DEBUG - Getting Watchlist 
12.1.2023, 14:41:48 - DEBUG - Getting Watchlist 
12.1.2023, 14:41:48 - DEBUG - Getting Movies 
12.1.2023, 14:41:48 - DEBUG - Getting Watchlist 
12.1.2023, 14:42:20 - DEBUG - Getting Watchlist 
12.1.2023, 14:42:20 - DEBUG - Getting Movies 
12.1.2023, 14:42:20 - DEBUG - Getting Watchlist 
12.1.2023, 14:45:59 - INFO - Server is running on port: 3030 
12.1.2023, 14:46:02 - DEBUG - Getting Movies 
12.1.2023, 14:46:02 - DEBUG - Getting Watchlist 
12.1.2023, 14:46:04 - DEBUG - Getting Watchlist 
12.1.2023, 14:46:04 - DEBUG - Getting Watchlist 
12.1.2023, 14:46:09 - DEBUG - Getting Movies 
12.1.2023, 14:46:14 - DEBUG - Getting Movies 
12.1.2023, 14:46:14 - DEBUG - Getting Watchlist 
12.1.2023, 14:46:15 - DEBUG - Getting Watchlist 
12.1.2023, 14:46:15 - DEBUG - Getting Watchlist 
12.1.2023, 14:46:21 - DEBUG - Getting Movies 
12.1.2023, 14:46:22 - DEBUG - Getting Movies 
12.1.2023, 14:46:24 - DEBUG - Getting Movies 
12.1.2023, 14:46:25 - DEBUG - Getting Movies 
12.1.2023, 14:46:26 - DEBUG - Getting Movies 
12.1.2023, 14:46:27 - DEBUG - Getting Movies 
12.1.2023, 14:46:30 - DEBUG - Getting Movies 
12.1.2023, 14:46:32 - DEBUG - Getting Movies 
12.1.2023, 14:46:32 - DEBUG - Getting Movies 
12.1.2023, 14:46:33 - DEBUG - Getting Movies 
12.1.2023, 14:46:33 - DEBUG - Getting Movies 
12.1.2023, 14:47:03 - DEBUG - Getting Watchlist 
12.1.2023, 14:47:03 - DEBUG - Getting Movies 
12.1.2023, 14:47:25 - DEBUG - Getting Movies 
12.1.2023, 14:47:25 - DEBUG - Getting Watchlist 
12.1.2023, 14:47:26 - DEBUG - Getting Movies 
12.1.2023, 14:47:26 - DEBUG - Getting Watchlist 
12.1.2023, 14:47:27 - DEBUG - Getting Movies 
12.1.2023, 14:47:27 - DEBUG - Getting Watchlist 
12.1.2023, 14:47:35 - DEBUG - Getting Movies 
12.1.2023, 14:47:35 - DEBUG - Getting Watchlist 
12.1.2023, 14:47:35 - DEBUG - Getting Watchlist 
12.1.2023, 14:47:35 - DEBUG - Getting Watchlist 
12.1.2023, 14:47:39 - DEBUG - Getting Movies 
12.1.2023, 14:47:39 - DEBUG - Getting Watchlist 
12.1.2023, 14:47:46 - DEBUG - Getting Watchlist 
12.1.2023, 14:47:46 - DEBUG - Getting Movies 
12.1.2023, 14:47:46 - DEBUG - Getting Watchlist 
12.1.2023, 14:47:47 - DEBUG - Getting Watchlist 
12.1.2023, 14:47:47 - DEBUG - Getting Movies 
12.1.2023, 14:47:47 - DEBUG - Getting Watchlist 
12.1.2023, 14:47:50 - DEBUG - Getting Movies 
12.1.2023, 14:47:50 - DEBUG - Getting Watchlist 
12.1.2023, 14:47:53 - DEBUG - Getting Movies 
12.1.2023, 14:47:54 - DEBUG - Getting Watchlist 
12.1.2023, 14:47:54 - DEBUG - Getting Movies 
12.1.2023, 14:47:54 - DEBUG - Getting Watchlist 
12.1.2023, 14:47:57 - DEBUG - Getting Movies 
12.1.2023, 14:47:57 - DEBUG - Getting Watchlist 
12.1.2023, 14:48:02 - DEBUG - Getting Watchlist 
12.1.2023, 14:48:02 - DEBUG - Getting Movies 
12.1.2023, 14:48:02 - DEBUG - Getting Watchlist 
